Analysis & Synthesis report for MIPS
Tue Dec 06 16:39:57 2022
Quartus Prime Version 20.1.0 Build 711 06/05/2020 SJ Lite Edition


---------------------
; Table of Contents ;
---------------------
  1. Legal Notice
  2. Analysis & Synthesis Summary
  3. Analysis & Synthesis Settings
  4. Parallel Compilation
  5. Analysis & Synthesis Source Files Read
  6. Analysis & Synthesis Resource Usage Summary
  7. Analysis & Synthesis Resource Utilization by Entity
  8. Registers Removed During Synthesis
  9. General Register Statistics
 10. Multiplexer Restructuring Statistics (Restructuring Performed)
 11. Parameter Settings for User Entity Instance: Top-level Entity: |MIPS
 12. Parameter Settings for User Entity Instance: registradorGenerico:PC
 13. Parameter Settings for User Entity Instance: somaConstante:SOMA_PC
 14. Parameter Settings for User Entity Instance: somadorGenerico:SOMA_PC_IMEDIATO
 15. Parameter Settings for User Entity Instance: muxGenerico2x1:MUX_BEQ
 16. Parameter Settings for User Entity Instance: muxGenerico4x1:MUX_ULA
 17. Parameter Settings for User Entity Instance: muxGenerico2x1:MUX_RT_IME
 18. Parameter Settings for User Entity Instance: muxGenerico4x1:MUX_RT_RD
 19. Parameter Settings for User Entity Instance: muxGenerico2x1:MUX_JMP
 20. Parameter Settings for User Entity Instance: muxGenerico2x1:MUX_JR
 21. Parameter Settings for User Entity Instance: bancReg:REGS
 22. Parameter Settings for User Entity Instance: ROMMIPS:ROM
 23. Parameter Settings for User Entity Instance: ULAMIPS:ULA
 24. Parameter Settings for User Entity Instance: ULAMIPS:ULA|somaULA:FULLADDER
 25. Parameter Settings for User Entity Instance: RAMMIPS:RAM
 26. Parameter Settings for User Entity Instance: estendeSinalGenerico:EstendeSinal
 27. Parameter Settings for User Entity Instance: muxGenerico2x1:MUX_HEX_LEDS
 28. Port Connectivity Checks: "conversorHex7Seg:COMP_HEX5"
 29. Port Connectivity Checks: "conversorHex7Seg:COMP_HEX4"
 30. Port Connectivity Checks: "conversorHex7Seg:COMP_HEX3"
 31. Port Connectivity Checks: "conversorHex7Seg:COMP_HEX2"
 32. Port Connectivity Checks: "conversorHex7Seg:COMP_HEX1"
 33. Port Connectivity Checks: "conversorHex7Seg:COMP_HEX0"
 34. Port Connectivity Checks: "RAMMIPS:RAM"
 35. Port Connectivity Checks: "muxGenerico2x1:MUX_JMP"
 36. Port Connectivity Checks: "muxGenerico4x1:MUX_RT_RD"
 37. Port Connectivity Checks: "muxGenerico4x1:MUX_ULA"
 38. Port Connectivity Checks: "somadorGenerico:SOMA_PC_IMEDIATO"
 39. Port Connectivity Checks: "registradorGenerico:PC"
 40. Post-Synthesis Netlist Statistics for Top Partition
 41. Elapsed Time Per Partition
 42. Analysis & Synthesis Messages



----------------
; Legal Notice ;
----------------
Copyright (C) 2020  Intel Corporation. All rights reserved.
Your use of Intel Corporation's design tools, logic functions 
and other software and tools, and any partner logic 
functions, and any output files from any of the foregoing 
(including device programming or simulation files), and any 
associated documentation or information are expressly subject 
to the terms and conditions of the Intel Program License 
Subscription Agreement, the Intel Quartus Prime License Agreement,
the Intel FPGA IP License Agreement, or other applicable license
agreement, including, without limitation, that your use is for
the sole purpose of programming logic devices manufactured by
Intel and sold by Intel or its authorized distributors.  Please
refer to the applicable agreement for further details, at
https://fpgasoftware.intel.com/eula.



+-------------------------------------------------------------------------------+
; Analysis & Synthesis Summary                                                  ;
+---------------------------------+---------------------------------------------+
; Analysis & Synthesis Status     ; Successful - Tue Dec 06 16:39:57 2022       ;
; Quartus Prime Version           ; 20.1.0 Build 711 06/05/2020 SJ Lite Edition ;
; Revision Name                   ; MIPS                                        ;
; Top-level Entity Name           ; MIPS                                        ;
; Family                          ; Cyclone V                                   ;
; Logic utilization (in ALMs)     ; N/A                                         ;
; Total registers                 ; 3103                                        ;
; Total pins                      ; 100                                         ;
; Total virtual pins              ; 0                                           ;
; Total block memory bits         ; 0                                           ;
; Total DSP Blocks                ; 0                                           ;
; Total HSSI RX PCSs              ; 0                                           ;
; Total HSSI PMA RX Deserializers ; 0                                           ;
; Total HSSI TX PCSs              ; 0                                           ;
; Total HSSI PMA TX Serializers   ; 0                                           ;
; Total PLLs                      ; 0                                           ;
; Total DLLs                      ; 0                                           ;
+---------------------------------+---------------------------------------------+


+---------------------------------------------------------------------------------------------------------------------------+
; Analysis & Synthesis Settings                                                                                             ;
+---------------------------------------------------------------------------------+--------------------+--------------------+
; Option                                                                          ; Setting            ; Default Value      ;
+---------------------------------------------------------------------------------+--------------------+--------------------+
; Device                                                                          ; 5CEBA4F23C7        ;                    ;
; Top-level entity name                                                           ; MIPS               ; MIPS               ;
; Family name                                                                     ; Cyclone V          ; Cyclone V          ;
; VHDL Show LMF Mapping Messages                                                  ; Off                ;                    ;
; VHDL Version                                                                    ; VHDL_2008          ; VHDL_1993          ;
; Use smart compilation                                                           ; Off                ; Off                ;
; Enable parallel Assembler and Timing Analyzer during compilation                ; On                 ; On                 ;
; Enable compact report table                                                     ; Off                ; Off                ;
; Restructure Multiplexers                                                        ; Auto               ; Auto               ;
; MLAB Add Timing Constraints For Mixed-Port Feed-Through Mode Setting Don't Care ; Off                ; Off                ;
; Create Debugging Nodes for IP Cores                                             ; Off                ; Off                ;
; Preserve fewer node names                                                       ; On                 ; On                 ;
; Intel FPGA IP Evaluation Mode                                                   ; Enable             ; Enable             ;
; Verilog Version                                                                 ; Verilog_2001       ; Verilog_2001       ;
; State Machine Processing                                                        ; Auto               ; Auto               ;
; Safe State Machine                                                              ; Off                ; Off                ;
; Extract Verilog State Machines                                                  ; On                 ; On                 ;
; Extract VHDL State Machines                                                     ; On                 ; On                 ;
; Ignore Verilog initial constructs                                               ; Off                ; Off                ;
; Iteration limit for constant Verilog loops                                      ; 5000               ; 5000               ;
; Iteration limit for non-constant Verilog loops                                  ; 250                ; 250                ;
; Add Pass-Through Logic to Inferred RAMs                                         ; On                 ; On                 ;
; Infer RAMs from Raw Logic                                                       ; On                 ; On                 ;
; Parallel Synthesis                                                              ; On                 ; On                 ;
; DSP Block Balancing                                                             ; Auto               ; Auto               ;
; NOT Gate Push-Back                                                              ; On                 ; On                 ;
; Power-Up Don't Care                                                             ; On                 ; On                 ;
; Remove Redundant Logic Cells                                                    ; Off                ; Off                ;
; Remove Duplicate Registers                                                      ; On                 ; On                 ;
; Ignore CARRY Buffers                                                            ; Off                ; Off                ;
; Ignore CASCADE Buffers                                                          ; Off                ; Off                ;
; Ignore GLOBAL Buffers                                                           ; Off                ; Off                ;
; Ignore ROW GLOBAL Buffers                                                       ; Off                ; Off                ;
; Ignore LCELL Buffers                                                            ; Off                ; Off                ;
; Ignore SOFT Buffers                                                             ; On                 ; On                 ;
; Limit AHDL Integers to 32 Bits                                                  ; Off                ; Off                ;
; Optimization Technique                                                          ; Balanced           ; Balanced           ;
; Carry Chain Length                                                              ; 70                 ; 70                 ;
; Auto Carry Chains                                                               ; On                 ; On                 ;
; Auto Open-Drain Pins                                                            ; On                 ; On                 ;
; Perform WYSIWYG Primitive Resynthesis                                           ; Off                ; Off                ;
; Auto ROM Replacement                                                            ; On                 ; On                 ;
; Auto RAM Replacement                                                            ; On                 ; On                 ;
; Auto DSP Block Replacement                                                      ; On                 ; On                 ;
; Auto Shift Register Replacement                                                 ; Auto               ; Auto               ;
; Allow Shift Register Merging across Hierarchies                                 ; Auto               ; Auto               ;
; Auto Clock Enable Replacement                                                   ; On                 ; On                 ;
; Strict RAM Replacement                                                          ; Off                ; Off                ;
; Allow Synchronous Control Signals                                               ; On                 ; On                 ;
; Force Use of Synchronous Clear Signals                                          ; Off                ; Off                ;
; Auto Resource Sharing                                                           ; Off                ; Off                ;
; Allow Any RAM Size For Recognition                                              ; Off                ; Off                ;
; Allow Any ROM Size For Recognition                                              ; Off                ; Off                ;
; Allow Any Shift Register Size For Recognition                                   ; Off                ; Off                ;
; Use LogicLock Constraints during Resource Balancing                             ; On                 ; On                 ;
; Ignore translate_off and synthesis_off directives                               ; Off                ; Off                ;
; Timing-Driven Synthesis                                                         ; On                 ; On                 ;
; Report Parameter Settings                                                       ; On                 ; On                 ;
; Report Source Assignments                                                       ; On                 ; On                 ;
; Report Connectivity Checks                                                      ; On                 ; On                 ;
; Ignore Maximum Fan-Out Assignments                                              ; Off                ; Off                ;
; Synchronization Register Chain Length                                           ; 3                  ; 3                  ;
; Power Optimization During Synthesis                                             ; Normal compilation ; Normal compilation ;
; HDL message level                                                               ; Level2             ; Level2             ;
; Suppress Register Optimization Related Messages                                 ; Off                ; Off                ;
; Number of Removed Registers Reported in Synthesis Report                        ; 5000               ; 5000               ;
; Number of Swept Nodes Reported in Synthesis Report                              ; 5000               ; 5000               ;
; Number of Inverted Registers Reported in Synthesis Report                       ; 100                ; 100                ;
; Clock MUX Protection                                                            ; On                 ; On                 ;
; Auto Gated Clock Conversion                                                     ; Off                ; Off                ;
; Block Design Naming                                                             ; Auto               ; Auto               ;
; SDC constraint protection                                                       ; Off                ; Off                ;
; Synthesis Effort                                                                ; Auto               ; Auto               ;
; Shift Register Replacement - Allow Asynchronous Clear Signal                    ; On                 ; On                 ;
; Pre-Mapping Resynthesis Optimization                                            ; Off                ; Off                ;
; Analysis & Synthesis Message Level                                              ; Medium             ; Medium             ;
; Disable Register Merging Across Hierarchies                                     ; Auto               ; Auto               ;
; Resource Aware Inference For Block RAM                                          ; On                 ; On                 ;
; Automatic Parallel Synthesis                                                    ; On                 ; On                 ;
; Partial Reconfiguration Bitstream ID                                            ; Off                ; Off                ;
+---------------------------------------------------------------------------------+--------------------+--------------------+


+------------------------------------------+
; Parallel Compilation                     ;
+----------------------------+-------------+
; Processors                 ; Number      ;
+----------------------------+-------------+
; Number detected on machine ; 12          ;
; Maximum allowed            ; 6           ;
;                            ;             ;
; Average used               ; 1.00        ;
; Maximum used               ; 6           ;
;                            ;             ;
; Usage by Processor         ; % Time Used ;
;     Processor 1            ; 100.0%      ;
;     Processor 2            ;   0.0%      ;
;     Processor 3            ;   0.0%      ;
;     Processor 4            ;   0.0%      ;
;     Processor 5            ;   0.0%      ;
;     Processor 6            ;   0.0%      ;
+----------------------------+-------------+


+---------------------------------------------------------------------------------------------------------------------------+
; Analysis & Synthesis Source Files Read                                                                                    ;
+----------------------------------+-----------------+-----------------+------------------------------------------+---------+
; File Name with User-Entered Path ; Used in Netlist ; File Type       ; File Name with Absolute Path             ; Library ;
+----------------------------------+-----------------+-----------------+------------------------------------------+---------+
; ULAMIPS.vhd                      ; yes             ; User VHDL File  ; C:/descomp/MIPS/ULAMIPS.vhd              ;         ;
; somaULA.vhd                      ; yes             ; User VHDL File  ; C:/descomp/MIPS/somaULA.vhd              ;         ;
; somadorGenerico.vhd              ; yes             ; User VHDL File  ; C:/descomp/MIPS/somadorGenerico.vhd      ;         ;
; somaConstante.vhd                ; yes             ; User VHDL File  ; C:/descomp/MIPS/somaConstante.vhd        ;         ;
; ROMMIPS.vhd                      ; yes             ; User VHDL File  ; C:/descomp/MIPS/ROMMIPS.vhd              ;         ;
; registradorGenerico.vhd          ; yes             ; User VHDL File  ; C:/descomp/MIPS/registradorGenerico.vhd  ;         ;
; RAMMIPS.vhd                      ; yes             ; User VHDL File  ; C:/descomp/MIPS/RAMMIPS.vhd              ;         ;
; muxGenerico4x1.vhd               ; yes             ; User VHDL File  ; C:/descomp/MIPS/muxGenerico4x1.vhd       ;         ;
; muxGenerico2x1.vhd               ; yes             ; User VHDL File  ; C:/descomp/MIPS/muxGenerico2x1.vhd       ;         ;
; MIPS.vhd                         ; yes             ; User VHDL File  ; C:/descomp/MIPS/MIPS.vhd                 ;         ;
; estendeSinalGenerico.vhd         ; yes             ; User VHDL File  ; C:/descomp/MIPS/estendeSinalGenerico.vhd ;         ;
; edgeDetector.vhd                 ; yes             ; User VHDL File  ; C:/descomp/MIPS/edgeDetector.vhd         ;         ;
; decoderOpcodeULA.vhd             ; yes             ; User VHDL File  ; C:/descomp/MIPS/decoderOpcodeULA.vhd     ;         ;
; decoderGenericULA.vhd            ; yes             ; User VHDL File  ; C:/descomp/MIPS/decoderGenericULA.vhd    ;         ;
; decoderGeneric.vhd               ; yes             ; User VHDL File  ; C:/descomp/MIPS/decoderGeneric.vhd       ;         ;
; decoderFunctULA.vhd              ; yes             ; User VHDL File  ; C:/descomp/MIPS/decoderFunctULA.vhd      ;         ;
; conversorHex7Seg.vhd             ; yes             ; User VHDL File  ; C:/descomp/MIPS/conversorHex7Seg.vhd     ;         ;
; bancReg.vhd                      ; yes             ; User VHDL File  ; C:/descomp/MIPS/bancReg.vhd              ;         ;
+----------------------------------+-----------------+-----------------+------------------------------------------+---------+


+---------------------------------------------------------------------------------------+
; Analysis & Synthesis Resource Usage Summary                                           ;
+---------------------------------------------+-----------------------------------------+
; Resource                                    ; Usage                                   ;
+---------------------------------------------+-----------------------------------------+
; Estimate of Logic utilization (ALMs needed) ; 2426                                    ;
;                                             ;                                         ;
; Combinational ALUT usage for logic          ; 1800                                    ;
;     -- 7 input functions                    ; 281                                     ;
;     -- 6 input functions                    ; 1068                                    ;
;     -- 5 input functions                    ; 68                                      ;
;     -- 4 input functions                    ; 116                                     ;
;     -- <=3 input functions                  ; 267                                     ;
;                                             ;                                         ;
; Dedicated logic registers                   ; 3103                                    ;
;                                             ;                                         ;
; I/O pins                                    ; 100                                     ;
;                                             ;                                         ;
; Total DSP Blocks                            ; 0                                       ;
;                                             ;                                         ;
; Maximum fan-out node                        ; edgeDetector:\gravar:detectorSub0|saida ;
; Maximum fan-out                             ; 3102                                    ;
; Total fan-out                               ; 19237                                   ;
; Average fan-out                             ; 3.77                                    ;
+---------------------------------------------+-----------------------------------------+


+----------------------------------------------------------------------------------------------------------------------------------------------------------------------------------------------------------------------------------------------------------+
; Analysis & Synthesis Resource Utilization by Entity                                                                                                                                                                                                      ;
+----------------------------------------+---------------------+---------------------------+-------------------+------------+------+--------------+-------------------------------------------------------------------+---------------------+--------------+
; Compilation Hierarchy Node             ; Combinational ALUTs ; Dedicated Logic Registers ; Block Memory Bits ; DSP Blocks ; Pins ; Virtual Pins ; Full Hierarchy Name                                               ; Entity Name         ; Library Name ;
+----------------------------------------+---------------------+---------------------------+-------------------+------------+------+--------------+-------------------------------------------------------------------+---------------------+--------------+
; |MIPS                                  ; 1800 (2)            ; 3103 (0)                  ; 0                 ; 0          ; 100  ; 0            ; |MIPS                                                             ; MIPS                ; work         ;
;    |RAMMIPS:RAM|                       ; 800 (800)           ; 2048 (2048)               ; 0                 ; 0          ; 0    ; 0            ; |MIPS|RAMMIPS:RAM                                                 ; RAMMIPS             ; work         ;
;    |ROMMIPS:ROM|                       ; 32 (32)             ; 0 (0)                     ; 0                 ; 0          ; 0    ; 0            ; |MIPS|ROMMIPS:ROM                                                 ; ROMMIPS             ; work         ;
;    |ULAMIPS:ULA|                       ; 203 (142)           ; 0 (0)                     ; 0                 ; 0          ; 0    ; 0            ; |MIPS|ULAMIPS:ULA                                                 ; ULAMIPS             ; work         ;
;       |somaULA:FULLADDER|              ; 61 (61)             ; 0 (0)                     ; 0                 ; 0          ; 0    ; 0            ; |MIPS|ULAMIPS:ULA|somaULA:FULLADDER                               ; somaULA             ; work         ;
;    |bancReg:REGS|                      ; 545 (545)           ; 1024 (1024)               ; 0                 ; 0          ; 0    ; 0            ; |MIPS|bancReg:REGS                                                ; bancReg             ; work         ;
;    |conversorHex7Seg:COMP_HEX0|        ; 8 (8)               ; 0 (0)                     ; 0                 ; 0          ; 0    ; 0            ; |MIPS|conversorHex7Seg:COMP_HEX0                                  ; conversorHex7Seg    ; work         ;
;    |conversorHex7Seg:COMP_HEX1|        ; 7 (7)               ; 0 (0)                     ; 0                 ; 0          ; 0    ; 0            ; |MIPS|conversorHex7Seg:COMP_HEX1                                  ; conversorHex7Seg    ; work         ;
;    |conversorHex7Seg:COMP_HEX2|        ; 7 (7)               ; 0 (0)                     ; 0                 ; 0          ; 0    ; 0            ; |MIPS|conversorHex7Seg:COMP_HEX2                                  ; conversorHex7Seg    ; work         ;
;    |conversorHex7Seg:COMP_HEX3|        ; 7 (7)               ; 0 (0)                     ; 0                 ; 0          ; 0    ; 0            ; |MIPS|conversorHex7Seg:COMP_HEX3                                  ; conversorHex7Seg    ; work         ;
;    |conversorHex7Seg:COMP_HEX4|        ; 7 (7)               ; 0 (0)                     ; 0                 ; 0          ; 0    ; 0            ; |MIPS|conversorHex7Seg:COMP_HEX4                                  ; conversorHex7Seg    ; work         ;
;    |conversorHex7Seg:COMP_HEX5|        ; 7 (7)               ; 0 (0)                     ; 0                 ; 0          ; 0    ; 0            ; |MIPS|conversorHex7Seg:COMP_HEX5                                  ; conversorHex7Seg    ; work         ;
;    |decoderGeneric:decoderInstrucoes|  ; 11 (11)             ; 0 (0)                     ; 0                 ; 0          ; 0    ; 0            ; |MIPS|decoderGeneric:decoderInstrucoes                            ; decoderGeneric      ; work         ;
;    |decoderGenericULA:decoderULA|      ; 5 (4)               ; 0 (0)                     ; 0                 ; 0          ; 0    ; 0            ; |MIPS|decoderGenericULA:decoderULA                                ; decoderGenericULA   ; work         ;
;       |decoderOpcodeULA:decoderOpcode| ; 1 (1)               ; 0 (0)                     ; 0                 ; 0          ; 0    ; 0            ; |MIPS|decoderGenericULA:decoderULA|decoderOpcodeULA:decoderOpcode ; decoderOpcodeULA    ; work         ;
;    |edgeDetector:\gravar:detectorSub0| ; 2 (2)               ; 1 (1)                     ; 0                 ; 0          ; 0    ; 0            ; |MIPS|edgeDetector:\gravar:detectorSub0                           ; edgeDetector        ; work         ;
;    |muxGenerico2x1:MUX_HEX_LEDS|       ; 31 (31)             ; 0 (0)                     ; 0                 ; 0          ; 0    ; 0            ; |MIPS|muxGenerico2x1:MUX_HEX_LEDS                                 ; muxGenerico2x1      ; work         ;
;    |muxGenerico2x1:MUX_JMP|            ; 1 (1)               ; 0 (0)                     ; 0                 ; 0          ; 0    ; 0            ; |MIPS|muxGenerico2x1:MUX_JMP                                      ; muxGenerico2x1      ; work         ;
;    |muxGenerico2x1:MUX_JR|             ; 29 (29)             ; 0 (0)                     ; 0                 ; 0          ; 0    ; 0            ; |MIPS|muxGenerico2x1:MUX_JR                                       ; muxGenerico2x1      ; work         ;
;    |muxGenerico4x1:MUX_RT_RD|          ; 2 (2)               ; 0 (0)                     ; 0                 ; 0          ; 0    ; 0            ; |MIPS|muxGenerico4x1:MUX_RT_RD                                    ; muxGenerico4x1      ; work         ;
;    |muxGenerico4x1:MUX_ULA|            ; 34 (34)             ; 0 (0)                     ; 0                 ; 0          ; 0    ; 0            ; |MIPS|muxGenerico4x1:MUX_ULA                                      ; muxGenerico4x1      ; work         ;
;    |registradorGenerico:PC|            ; 0 (0)               ; 30 (30)                   ; 0                 ; 0          ; 0    ; 0            ; |MIPS|registradorGenerico:PC                                      ; registradorGenerico ; work         ;
;    |somaConstante:SOMA_PC|             ; 30 (30)             ; 0 (0)                     ; 0                 ; 0          ; 0    ; 0            ; |MIPS|somaConstante:SOMA_PC                                       ; somaConstante       ; work         ;
;    |somadorGenerico:SOMA_PC_IMEDIATO|  ; 30 (30)             ; 0 (0)                     ; 0                 ; 0          ; 0    ; 0            ; |MIPS|somadorGenerico:SOMA_PC_IMEDIATO                            ; somadorGenerico     ; work         ;
+----------------------------------------+---------------------+---------------------------+-------------------+------------+------+--------------+-------------------------------------------------------------------+---------------------+--------------+
Note: For table entries with two numbers listed, the numbers in parentheses indicate the number of resources of the given type used by the specific entity alone. The numbers listed outside of parentheses indicate the total resources of the given type used by the specific entity and all of its sub-entities in the hierarchy.


+--------------------------------------------------------------------------------+
; Registers Removed During Synthesis                                             ;
+---------------------------------------+----------------------------------------+
; Register name                         ; Reason for Removal                     ;
+---------------------------------------+----------------------------------------+
; registradorGenerico:PC|DOUT[0,1]      ; Stuck at GND due to stuck port data_in ;
; Total Number of Removed Registers = 2 ;                                        ;
+---------------------------------------+----------------------------------------+


+------------------------------------------------------+
; General Register Statistics                          ;
+----------------------------------------------+-------+
; Statistic                                    ; Value ;
+----------------------------------------------+-------+
; Total registers                              ; 3103  ;
; Number of registers using Synchronous Clear  ; 0     ;
; Number of registers using Synchronous Load   ; 0     ;
; Number of registers using Asynchronous Clear ; 0     ;
; Number of registers using Asynchronous Load  ; 0     ;
; Number of registers using Clock Enable       ; 3072  ;
; Number of registers using Preset             ; 0     ;
+----------------------------------------------+-------+


+----------------------------------------------------------------------------------------------------------------------------------------------------------------+
; Multiplexer Restructuring Statistics (Restructuring Performed)                                                                                                 ;
+--------------------+-----------+---------------+----------------------+------------------------+------------+--------------------------------------------------+
; Multiplexer Inputs ; Bus Width ; Baseline Area ; Area if Restructured ; Saving if Restructured ; Registered ; Example Multiplexer Output                       ;
+--------------------+-----------+---------------+----------------------+------------------------+------------+--------------------------------------------------+
; 3:1                ; 2 bits    ; 4 LEs         ; 2 LEs                ; 2 LEs                  ; Yes        ; |MIPS|registradorGenerico:PC|DOUT[1]             ;
; 3:1                ; 4 bits    ; 8 LEs         ; 8 LEs                ; 0 LEs                  ; Yes        ; |MIPS|registradorGenerico:PC|DOUT[31]            ;
; 4:1                ; 25 bits   ; 50 LEs        ; 50 LEs               ; 0 LEs                  ; Yes        ; |MIPS|registradorGenerico:PC|DOUT[12]            ;
; 4:1                ; 32 bits   ; 64 LEs        ; 64 LEs               ; 0 LEs                  ; No         ; |MIPS|ULAMIPS:ULA|B_mux[27]                      ;
; 4:1                ; 16 bits   ; 32 LEs        ; 32 LEs               ; 0 LEs                  ; No         ; |MIPS|muxGenerico4x1:MUX_ULA|saida_MUX[10]       ;
; 4:1                ; 16 bits   ; 32 LEs        ; 32 LEs               ; 0 LEs                  ; No         ; |MIPS|muxGenerico4x1:MUX_ULA|saida_MUX[27]       ;
; 4:1                ; 3 bits    ; 6 LEs         ; 6 LEs                ; 0 LEs                  ; No         ; |MIPS|muxGenerico4x1:MUX_RT_RD|saida_MUX[1]      ;
; 4:1                ; 31 bits   ; 62 LEs        ; 62 LEs               ; 0 LEs                  ; No         ; |MIPS|ULAMIPS:ULA|saida[28]                      ;
; 6:1                ; 3 bits    ; 12 LEs        ; 12 LEs               ; 0 LEs                  ; No         ; |MIPS|decoderGeneric:decoderInstrucoes|saida[11] ;
; 8:1                ; 2 bits    ; 10 LEs        ; 10 LEs               ; 0 LEs                  ; No         ; |MIPS|decoderGeneric:decoderInstrucoes|saida[9]  ;
+--------------------+-----------+---------------+----------------------+------------------------+------------+--------------------------------------------------+


+----------------------------------------------------------------------+
; Parameter Settings for User Entity Instance: Top-level Entity: |MIPS ;
+---------------------+-------+----------------------------------------+
; Parameter Name      ; Value ; Type                                   ;
+---------------------+-------+----------------------------------------+
; larguraDados        ; 32    ; Signed Integer                         ;
; larguraEnderecos    ; 32    ; Signed Integer                         ;
; larguraEndBancoRegs ; 5     ; Signed Integer                         ;
; simulacao           ; false ; Enumerated                             ;
+---------------------+-------+----------------------------------------+
Note: In order to hide this table in the UI and the text report file, please set the "Show Parameter Settings in Synthesis Report" option in "Analysis and Synthesis Settings -> More Settings" to "Off".


+---------------------------------------------------------------------+
; Parameter Settings for User Entity Instance: registradorGenerico:PC ;
+----------------+-------+--------------------------------------------+
; Parameter Name ; Value ; Type                                       ;
+----------------+-------+--------------------------------------------+
; larguradados   ; 32    ; Signed Integer                             ;
+----------------+-------+--------------------------------------------+
Note: In order to hide this table in the UI and the text report file, please set the "Show Parameter Settings in Synthesis Report" option in "Analysis and Synthesis Settings -> More Settings" to "Off".


+--------------------------------------------------------------------+
; Parameter Settings for User Entity Instance: somaConstante:SOMA_PC ;
+----------------+-------+-------------------------------------------+
; Parameter Name ; Value ; Type                                      ;
+----------------+-------+-------------------------------------------+
; larguradados   ; 32    ; Signed Integer                            ;
; constante      ; 4     ; Signed Integer                            ;
+----------------+-------+-------------------------------------------+
Note: In order to hide this table in the UI and the text report file, please set the "Show Parameter Settings in Synthesis Report" option in "Analysis and Synthesis Settings -> More Settings" to "Off".


+-------------------------------------------------------------------------------+
; Parameter Settings for User Entity Instance: somadorGenerico:SOMA_PC_IMEDIATO ;
+----------------+-------+------------------------------------------------------+
; Parameter Name ; Value ; Type                                                 ;
+----------------+-------+------------------------------------------------------+
; larguradados   ; 32    ; Signed Integer                                       ;
+----------------+-------+------------------------------------------------------+
Note: In order to hide this table in the UI and the text report file, please set the "Show Parameter Settings in Synthesis Report" option in "Analysis and Synthesis Settings -> More Settings" to "Off".


+---------------------------------------------------------------------+
; Parameter Settings for User Entity Instance: muxGenerico2x1:MUX_BEQ ;
+----------------+-------+--------------------------------------------+
; Parameter Name ; Value ; Type                                       ;
+----------------+-------+--------------------------------------------+
; larguradados   ; 32    ; Signed Integer                             ;
+----------------+-------+--------------------------------------------+
Note: In order to hide this table in the UI and the text report file, please set the "Show Parameter Settings in Synthesis Report" option in "Analysis and Synthesis Settings -> More Settings" to "Off".


+---------------------------------------------------------------------+
; Parameter Settings for User Entity Instance: muxGenerico4x1:MUX_ULA ;
+----------------+-------+--------------------------------------------+
; Parameter Name ; Value ; Type                                       ;
+----------------+-------+--------------------------------------------+
; larguradados   ; 32    ; Signed Integer                             ;
+----------------+-------+--------------------------------------------+
Note: In order to hide this table in the UI and the text report file, please set the "Show Parameter Settings in Synthesis Report" option in "Analysis and Synthesis Settings -> More Settings" to "Off".


+------------------------------------------------------------------------+
; Parameter Settings for User Entity Instance: muxGenerico2x1:MUX_RT_IME ;
+----------------+-------+-----------------------------------------------+
; Parameter Name ; Value ; Type                                          ;
+----------------+-------+-----------------------------------------------+
; larguradados   ; 32    ; Signed Integer                                ;
+----------------+-------+-----------------------------------------------+
Note: In order to hide this table in the UI and the text report file, please set the "Show Parameter Settings in Synthesis Report" option in "Analysis and Synthesis Settings -> More Settings" to "Off".


+-----------------------------------------------------------------------+
; Parameter Settings for User Entity Instance: muxGenerico4x1:MUX_RT_RD ;
+----------------+-------+----------------------------------------------+
; Parameter Name ; Value ; Type                                         ;
+----------------+-------+----------------------------------------------+
; larguradados   ; 5     ; Signed Integer                               ;
+----------------+-------+----------------------------------------------+
Note: In order to hide this table in the UI and the text report file, please set the "Show Parameter Settings in Synthesis Report" option in "Analysis and Synthesis Settings -> More Settings" to "Off".


+---------------------------------------------------------------------+
; Parameter Settings for User Entity Instance: muxGenerico2x1:MUX_JMP ;
+----------------+-------+--------------------------------------------+
; Parameter Name ; Value ; Type                                       ;
+----------------+-------+--------------------------------------------+
; larguradados   ; 32    ; Signed Integer                             ;
+----------------+-------+--------------------------------------------+
Note: In order to hide this table in the UI and the text report file, please set the "Show Parameter Settings in Synthesis Report" option in "Analysis and Synthesis Settings -> More Settings" to "Off".


+--------------------------------------------------------------------+
; Parameter Settings for User Entity Instance: muxGenerico2x1:MUX_JR ;
+----------------+-------+-------------------------------------------+
; Parameter Name ; Value ; Type                                      ;
+----------------+-------+-------------------------------------------+
; larguradados   ; 32    ; Signed Integer                            ;
+----------------+-------+-------------------------------------------+
Note: In order to hide this table in the UI and the text report file, please set the "Show Parameter Settings in Synthesis Report" option in "Analysis and Synthesis Settings -> More Settings" to "Off".


+-----------------------------------------------------------+
; Parameter Settings for User Entity Instance: bancReg:REGS ;
+---------------------+-------+-----------------------------+
; Parameter Name      ; Value ; Type                        ;
+---------------------+-------+-----------------------------+
; larguradados        ; 32    ; Signed Integer              ;
; larguraendbancoregs ; 5     ; Signed Integer              ;
+---------------------+-------+-----------------------------+
Note: In order to hide this table in the UI and the text report file, please set the "Show Parameter Settings in Synthesis Report" option in "Analysis and Synthesis Settings -> More Settings" to "Off".


+----------------------------------------------------------+
; Parameter Settings for User Entity Instance: ROMMIPS:ROM ;
+-----------------+-------+--------------------------------+
; Parameter Name  ; Value ; Type                           ;
+-----------------+-------+--------------------------------+
; datawidth       ; 32    ; Signed Integer                 ;
; addrwidth       ; 32    ; Signed Integer                 ;
; memoryaddrwidth ; 6     ; Signed Integer                 ;
+-----------------+-------+--------------------------------+
Note: In order to hide this table in the UI and the text report file, please set the "Show Parameter Settings in Synthesis Report" option in "Analysis and Synthesis Settings -> More Settings" to "Off".


+----------------------------------------------------------+
; Parameter Settings for User Entity Instance: ULAMIPS:ULA ;
+----------------+-------+---------------------------------+
; Parameter Name ; Value ; Type                            ;
+----------------+-------+---------------------------------+
; larguradados   ; 32    ; Signed Integer                  ;
+----------------+-------+---------------------------------+
Note: In order to hide this table in the UI and the text report file, please set the "Show Parameter Settings in Synthesis Report" option in "Analysis and Synthesis Settings -> More Settings" to "Off".


+----------------------------------------------------------------------------+
; Parameter Settings for User Entity Instance: ULAMIPS:ULA|somaULA:FULLADDER ;
+----------------+-------+---------------------------------------------------+
; Parameter Name ; Value ; Type                                              ;
+----------------+-------+---------------------------------------------------+
; larguradados   ; 32    ; Signed Integer                                    ;
+----------------+-------+---------------------------------------------------+
Note: In order to hide this table in the UI and the text report file, please set the "Show Parameter Settings in Synthesis Report" option in "Analysis and Synthesis Settings -> More Settings" to "Off".


+----------------------------------------------------------+
; Parameter Settings for User Entity Instance: RAMMIPS:RAM ;
+-----------------+-------+--------------------------------+
; Parameter Name  ; Value ; Type                           ;
+-----------------+-------+--------------------------------+
; datawidth       ; 32    ; Signed Integer                 ;
; addrwidth       ; 32    ; Signed Integer                 ;
; memoryaddrwidth ; 6     ; Signed Integer                 ;
+-----------------+-------+--------------------------------+
Note: In order to hide this table in the UI and the text report file, please set the "Show Parameter Settings in Synthesis Report" option in "Analysis and Synthesis Settings -> More Settings" to "Off".


+--------------------------------------------------------------------------------+
; Parameter Settings for User Entity Instance: estendeSinalGenerico:EstendeSinal ;
+--------------------+-------+---------------------------------------------------+
; Parameter Name     ; Value ; Type                                              ;
+--------------------+-------+---------------------------------------------------+
; larguradadoentrada ; 16    ; Signed Integer                                    ;
; larguradadosaida   ; 32    ; Signed Integer                                    ;
+--------------------+-------+---------------------------------------------------+
Note: In order to hide this table in the UI and the text report file, please set the "Show Parameter Settings in Synthesis Report" option in "Analysis and Synthesis Settings -> More Settings" to "Off".


+--------------------------------------------------------------------------+
; Parameter Settings for User Entity Instance: muxGenerico2x1:MUX_HEX_LEDS ;
+----------------+-------+-------------------------------------------------+
; Parameter Name ; Value ; Type                                            ;
+----------------+-------+-------------------------------------------------+
; larguradados   ; 32    ; Signed Integer                                  ;
+----------------+-------+-------------------------------------------------+
Note: In order to hide this table in the UI and the text report file, please set the "Show Parameter Settings in Synthesis Report" option in "Analysis and Synthesis Settings -> More Settings" to "Off".


+--------------------------------------------------------+
; Port Connectivity Checks: "conversorHex7Seg:COMP_HEX5" ;
+----------+-------+----------+--------------------------+
; Port     ; Type  ; Severity ; Details                  ;
+----------+-------+----------+--------------------------+
; apaga    ; Input ; Info     ; Stuck at GND             ;
; negativo ; Input ; Info     ; Stuck at GND             ;
; overflow ; Input ; Info     ; Stuck at GND             ;
+----------+-------+----------+--------------------------+


+--------------------------------------------------------+
; Port Connectivity Checks: "conversorHex7Seg:COMP_HEX4" ;
+----------+-------+----------+--------------------------+
; Port     ; Type  ; Severity ; Details                  ;
+----------+-------+----------+--------------------------+
; apaga    ; Input ; Info     ; Stuck at GND             ;
; negativo ; Input ; Info     ; Stuck at GND             ;
; overflow ; Input ; Info     ; Stuck at GND             ;
+----------+-------+----------+--------------------------+


+--------------------------------------------------------+
; Port Connectivity Checks: "conversorHex7Seg:COMP_HEX3" ;
+----------+-------+----------+--------------------------+
; Port     ; Type  ; Severity ; Details                  ;
+----------+-------+----------+--------------------------+
; apaga    ; Input ; Info     ; Stuck at GND             ;
; negativo ; Input ; Info     ; Stuck at GND             ;
; overflow ; Input ; Info     ; Stuck at GND             ;
+----------+-------+----------+--------------------------+


+--------------------------------------------------------+
; Port Connectivity Checks: "conversorHex7Seg:COMP_HEX2" ;
+----------+-------+----------+--------------------------+
; Port     ; Type  ; Severity ; Details                  ;
+----------+-------+----------+--------------------------+
; apaga    ; Input ; Info     ; Stuck at GND             ;
; negativo ; Input ; Info     ; Stuck at GND             ;
; overflow ; Input ; Info     ; Stuck at GND             ;
+----------+-------+----------+--------------------------+


+--------------------------------------------------------+
; Port Connectivity Checks: "conversorHex7Seg:COMP_HEX1" ;
+----------+-------+----------+--------------------------+
; Port     ; Type  ; Severity ; Details                  ;
+----------+-------+----------+--------------------------+
; apaga    ; Input ; Info     ; Stuck at GND             ;
; negativo ; Input ; Info     ; Stuck at GND             ;
; overflow ; Input ; Info     ; Stuck at GND             ;
+----------+-------+----------+--------------------------+


+--------------------------------------------------------+
; Port Connectivity Checks: "conversorHex7Seg:COMP_HEX0" ;
+----------+-------+----------+--------------------------+
; Port     ; Type  ; Severity ; Details                  ;
+----------+-------+----------+--------------------------+
; apaga    ; Input ; Info     ; Stuck at GND             ;
; negativo ; Input ; Info     ; Stuck at GND             ;
; overflow ; Input ; Info     ; Stuck at GND             ;
+----------+-------+----------+--------------------------+


+--------------------------------------------+
; Port Connectivity Checks: "RAMMIPS:RAM"    ;
+----------+-------+----------+--------------+
; Port     ; Type  ; Severity ; Details      ;
+----------+-------+----------+--------------+
; habilita ; Input ; Info     ; Stuck at VCC ;
+----------+-------+----------+--------------+


+------------------------------------------------------+
; Port Connectivity Checks: "muxGenerico2x1:MUX_JMP"   ;
+--------------------+-------+----------+--------------+
; Port               ; Type  ; Severity ; Details      ;
+--------------------+-------+----------+--------------+
; entradab_mux[1..0] ; Input ; Info     ; Stuck at GND ;
+--------------------+-------+----------+--------------+


+------------------------------------------------------+
; Port Connectivity Checks: "muxGenerico4x1:MUX_RT_RD" ;
+--------------+-------+----------+--------------------+
; Port         ; Type  ; Severity ; Details            ;
+--------------+-------+----------+--------------------+
; entradac_mux ; Input ; Info     ; Stuck at VCC       ;
; entradad_mux ; Input ; Info     ; Stuck at GND       ;
+--------------+-------+----------+--------------------+


+-------------------------------------------------------+
; Port Connectivity Checks: "muxGenerico4x1:MUX_ULA"    ;
+---------------------+-------+----------+--------------+
; Port                ; Type  ; Severity ; Details      ;
+---------------------+-------+----------+--------------+
; entradad_mux[15..0] ; Input ; Info     ; Stuck at GND ;
+---------------------+-------+----------+--------------+


+--------------------------------------------------------------+
; Port Connectivity Checks: "somadorGenerico:SOMA_PC_IMEDIATO" ;
+----------------+-------+----------+--------------------------+
; Port           ; Type  ; Severity ; Details                  ;
+----------------+-------+----------+--------------------------+
; entradab[1..0] ; Input ; Info     ; Stuck at GND             ;
+----------------+-------+----------+--------------------------+


+----------------------------------------------------+
; Port Connectivity Checks: "registradorGenerico:PC" ;
+--------+-------+----------+------------------------+
; Port   ; Type  ; Severity ; Details                ;
+--------+-------+----------+------------------------+
; enable ; Input ; Info     ; Stuck at VCC           ;
; rst    ; Input ; Info     ; Stuck at GND           ;
+--------+-------+----------+------------------------+


+-----------------------------------------------------+
; Post-Synthesis Netlist Statistics for Top Partition ;
+-----------------------+-----------------------------+
; Type                  ; Count                       ;
+-----------------------+-----------------------------+
; arriav_ff             ; 3103                        ;
;     ENA               ; 3072                        ;
;     plain             ; 31                          ;
; arriav_lcell_comb     ; 1802                        ;
;     arith             ; 60                          ;
;         1 data inputs ; 30                          ;
;         3 data inputs ; 1                           ;
;         4 data inputs ; 15                          ;
;         5 data inputs ; 14                          ;
;     extend            ; 281                         ;
;         7 data inputs ; 281                         ;
;     normal            ; 1461                        ;
;         0 data inputs ; 1                           ;
;         1 data inputs ; 16                          ;
;         2 data inputs ; 171                         ;
;         3 data inputs ; 50                          ;
;         4 data inputs ; 101                         ;
;         5 data inputs ; 54                          ;
;         6 data inputs ; 1068                        ;
; boundary_port         ; 100                         ;
;                       ;                             ;
; Max LUT depth         ; 20.00                       ;
; Average LUT depth     ; 9.19                        ;
+-----------------------+-----------------------------+


+-------------------------------+
; Elapsed Time Per Partition    ;
+----------------+--------------+
; Partition Name ; Elapsed Time ;
+----------------+--------------+
; Top            ; 00:00:06     ;
+----------------+--------------+


+-------------------------------+
; Analysis & Synthesis Messages ;
+-------------------------------+
Info: *******************************************************************
Info: Running Quartus Prime Analysis & Synthesis
    Info: Version 20.1.0 Build 711 06/05/2020 SJ Lite Edition
    Info: Processing started: Tue Dec 06 16:39:42 2022
Info: Command: quartus_map --read_settings_files=on --write_settings_files=off MIPS -c MIPS
Warning (18236): Number of processors has not been specified which may cause overloading on shared machines.  Set the global assignment NUM_PARALLEL_PROCESSORS in your QSF to an appropriate value for best performance.
Info (20030): Parallel compilation is enabled and will use 6 of the 6 processors detected
Info (12021): Found 2 design units, including 1 entities, in source file ulamips.vhd
    Info (12022): Found design unit 1: ULAMIPS-comportamento File: C:/descomp/MIPS/ULAMIPS.vhd Line: 19
    Info (12023): Found entity 1: ULAMIPS File: C:/descomp/MIPS/ULAMIPS.vhd Line: 6
Info (12021): Found 2 design units, including 1 entities, in source file somaula.vhd
    Info (12022): Found design unit 1: somaULA-comportamento File: C:/descomp/MIPS/somaULA.vhd Line: 16
    Info (12023): Found entity 1: somaULA File: C:/descomp/MIPS/somaULA.vhd Line: 5
Info (12021): Found 2 design units, including 1 entities, in source file somadorgenerico.vhd
    Info (12022): Found design unit 1: somadorGenerico-comportamento File: C:/descomp/MIPS/somadorGenerico.vhd Line: 17
    Info (12023): Found entity 1: somadorGenerico File: C:/descomp/MIPS/somadorGenerico.vhd Line: 5
Info (12021): Found 2 design units, including 1 entities, in source file somaconstante.vhd
    Info (12022): Found design unit 1: somaConstante-comportamento File: C:/descomp/MIPS/somaConstante.vhd Line: 18
    Info (12023): Found entity 1: somaConstante File: C:/descomp/MIPS/somaConstante.vhd Line: 5
Info (12021): Found 2 design units, including 1 entities, in source file rommips.vhd
    Info (12022): Found design unit 1: ROMMIPS-assincrona File: C:/descomp/MIPS/ROMMIPS.vhd Line: 15
    Info (12023): Found entity 1: ROMMIPS File: C:/descomp/MIPS/ROMMIPS.vhd Line: 5
Info (12021): Found 2 design units, including 1 entities, in source file registradorgenerico.vhd
    Info (12022): Found design unit 1: registradorGenerico-comportamento File: C:/descomp/MIPS/registradorGenerico.vhd Line: 15
    Info (12023): Found entity 1: registradorGenerico File: C:/descomp/MIPS/registradorGenerico.vhd Line: 4
Info (12021): Found 2 design units, including 1 entities, in source file rammips.vhd
    Info (12022): Found design unit 1: RAMMIPS-assincrona File: C:/descomp/MIPS/RAMMIPS.vhd Line: 18
    Info (12023): Found entity 1: RAMMIPS File: C:/descomp/MIPS/RAMMIPS.vhd Line: 5
Info (12021): Found 2 design units, including 1 entities, in source file muxgenerico4x1.vhd
    Info (12022): Found design unit 1: muxGenerico4x1-comportamento File: C:/descomp/MIPS/muxGenerico4x1.vhd Line: 14
    Info (12023): Found entity 1: muxGenerico4x1 File: C:/descomp/MIPS/muxGenerico4x1.vhd Line: 4
Info (12021): Found 2 design units, including 1 entities, in source file muxgenerico2x1.vhd
    Info (12022): Found design unit 1: muxGenerico2x1-comportamento File: C:/descomp/MIPS/muxGenerico2x1.vhd Line: 14
    Info (12023): Found entity 1: muxGenerico2x1 File: C:/descomp/MIPS/muxGenerico2x1.vhd Line: 4
Info (12021): Found 2 design units, including 1 entities, in source file mips.vhd
    Info (12022): Found design unit 1: MIPS-arquitetura File: C:/descomp/MIPS/MIPS.vhd Line: 24
    Info (12023): Found entity 1: MIPS File: C:/descomp/MIPS/MIPS.vhd Line: 6
Info (12021): Found 2 design units, including 1 entities, in source file estendesinalgenerico.vhd
    Info (12022): Found design unit 1: estendeSinalGenerico-comportamento File: C:/descomp/MIPS/estendeSinalGenerico.vhd Line: 18
    Info (12023): Found entity 1: estendeSinalGenerico File: C:/descomp/MIPS/estendeSinalGenerico.vhd Line: 4
Info (12021): Found 3 design units, including 1 entities, in source file edgedetector.vhd
    Info (12022): Found design unit 1: edgeDetector-bordaSubida File: C:/descomp/MIPS/edgeDetector.vhd Line: 10
    Info (12022): Found design unit 2: edgeDetector-bordaDescida File: C:/descomp/MIPS/edgeDetector.vhd Line: 23
    Info (12023): Found entity 1: edgeDetector File: C:/descomp/MIPS/edgeDetector.vhd Line: 4
Info (12021): Found 2 design units, including 1 entities, in source file decoderopcodeula.vhd
    Info (12022): Found design unit 1: decoderOpcodeULA-comportamento File: C:/descomp/MIPS/decoderOpcodeULA.vhd Line: 10
    Info (12023): Found entity 1: decoderOpcodeULA File: C:/descomp/MIPS/decoderOpcodeULA.vhd Line: 4
Info (12021): Found 2 design units, including 1 entities, in source file decodergenericula.vhd
    Info (12022): Found design unit 1: decoderGenericULA-comportamento File: C:/descomp/MIPS/decoderGenericULA.vhd Line: 13
    Info (12023): Found entity 1: decoderGenericULA File: C:/descomp/MIPS/decoderGenericULA.vhd Line: 4
Info (12021): Found 2 design units, including 1 entities, in source file decodergeneric.vhd
    Info (12022): Found design unit 1: decoderGeneric-comportamento File: C:/descomp/MIPS/decoderGeneric.vhd Line: 11
    Info (12023): Found entity 1: decoderGeneric File: C:/descomp/MIPS/decoderGeneric.vhd Line: 4
Info (12021): Found 2 design units, including 1 entities, in source file decoderfunctula.vhd
    Info (12022): Found design unit 1: decoderFunctULA-comportamento File: C:/descomp/MIPS/decoderFunctULA.vhd Line: 10
    Info (12023): Found entity 1: decoderFunctULA File: C:/descomp/MIPS/decoderFunctULA.vhd Line: 4
Info (12021): Found 2 design units, including 1 entities, in source file conversorhex7seg.vhd
    Info (12022): Found design unit 1: conversorHex7Seg-comportamento File: C:/descomp/MIPS/conversorHex7Seg.vhd Line: 17
    Info (12023): Found entity 1: conversorHex7Seg File: C:/descomp/MIPS/conversorHex7Seg.vhd Line: 4
Info (12021): Found 2 design units, including 1 entities, in source file bancreg.vhd
    Info (12022): Found design unit 1: bancReg-comportamento File: C:/descomp/MIPS/bancReg.vhd Line: 30
    Info (12023): Found entity 1: bancReg File: C:/descomp/MIPS/bancReg.vhd Line: 7
Info (12127): Elaborating entity "MIPS" for the top level hierarchy
Info (12129): Elaborating entity "edgeDetector" using architecture "A:bordasubida" for hierarchy "edgeDetector:\gravar:detectorSub0" File: C:/descomp/MIPS/MIPS.vhd Line: 100
Info (12128): Elaborating entity "registradorGenerico" for hierarchy "registradorGenerico:PC" File: C:/descomp/MIPS/MIPS.vhd Line: 105
Info (12128): Elaborating entity "somaConstante" for hierarchy "somaConstante:SOMA_PC" File: C:/descomp/MIPS/MIPS.vhd Line: 114
Info (12128): Elaborating entity "somadorGenerico" for hierarchy "somadorGenerico:SOMA_PC_IMEDIATO" File: C:/descomp/MIPS/MIPS.vhd Line: 121
Info (12128): Elaborating entity "muxGenerico2x1" for hierarchy "muxGenerico2x1:MUX_BEQ" File: C:/descomp/MIPS/MIPS.vhd Line: 129
Info (12128): Elaborating entity "muxGenerico4x1" for hierarchy "muxGenerico4x1:MUX_ULA" File: C:/descomp/MIPS/MIPS.vhd Line: 142
Info (12128): Elaborating entity "muxGenerico4x1" for hierarchy "muxGenerico4x1:MUX_RT_RD" File: C:/descomp/MIPS/MIPS.vhd Line: 160
Info (12128): Elaborating entity "bancReg" for hierarchy "bancReg:REGS" File: C:/descomp/MIPS/MIPS.vhd Line: 187
Info (12128): Elaborating entity "ROMMIPS" for hierarchy "ROMMIPS:ROM" File: C:/descomp/MIPS/MIPS.vhd Line: 199
Warning (10541): VHDL Signal Declaration warning at ROMMIPS.vhd(18): used implicit default value for signal "memROM" because signal was never assigned a value or an explicit default value. Use of implicit default value may introduce unintended design optimizations. File: C:/descomp/MIPS/ROMMIPS.vhd Line: 18
Info (12128): Elaborating entity "ULAMIPS" for hierarchy "ULAMIPS:ULA" File: C:/descomp/MIPS/MIPS.vhd Line: 205
Info (12128): Elaborating entity "somaULA" for hierarchy "ULAMIPS:ULA|somaULA:FULLADDER" File: C:/descomp/MIPS/ULAMIPS.vhd Line: 41
Info (12128): Elaborating entity "RAMMIPS" for hierarchy "RAMMIPS:RAM" File: C:/descomp/MIPS/MIPS.vhd Line: 214
Info (12128): Elaborating entity "decoderGeneric" for hierarchy "decoderGeneric:decoderInstrucoes" File: C:/descomp/MIPS/MIPS.vhd Line: 225
Info (12128): Elaborating entity "decoderGenericULA" for hierarchy "decoderGenericULA:decoderULA" File: C:/descomp/MIPS/MIPS.vhd Line: 232
Info (12128): Elaborating entity "decoderOpcodeULA" for hierarchy "decoderGenericULA:decoderULA|decoderOpcodeULA:decoderOpcode" File: C:/descomp/MIPS/decoderGenericULA.vhd Line: 19
Info (12128): Elaborating entity "decoderFunctULA" for hierarchy "decoderGenericULA:decoderULA|decoderFunctULA:decoderFunct" File: C:/descomp/MIPS/decoderGenericULA.vhd Line: 25
Info (12128): Elaborating entity "estendeSinalGenerico" for hierarchy "estendeSinalGenerico:EstendeSinal" File: C:/descomp/MIPS/MIPS.vhd Line: 240
Info (12128): Elaborating entity "conversorHex7Seg" for hierarchy "conversorHex7Seg:COMP_HEX0" File: C:/descomp/MIPS/MIPS.vhd Line: 256
Info (276014): Found 3 instances of uninferred RAM logic
    Info (276007): RAM logic "RAMMIPS:RAM|memRAM" is uninferred due to asynchronous read logic File: C:/descomp/MIPS/RAMMIPS.vhd Line: 21
    Info (276004): RAM logic "ROMMIPS:ROM|memROM" is uninferred due to inappropriate RAM size File: C:/descomp/MIPS/ROMMIPS.vhd Line: 18
    Info (276007): RAM logic "bancReg:REGS|registrador" is uninferred due to asynchronous read logic File: C:/descomp/MIPS/bancReg.vhd Line: 50
Warning (113028): 46 out of 64 addresses are uninitialized. The Quartus Prime software will initialize them to "0". There are 3 warnings found, and 3 warnings are reported. File: C:/descomp/MIPS/ROMcontent.mif Line: 1
    Warning (113026): Memory Initialization File Address 16 is not initialized File: C:/descomp/MIPS/ROMcontent.mif Line: 1
    Warning (113027): Addresses ranging from 18 to 30 are not initialized File: C:/descomp/MIPS/ROMcontent.mif Line: 1
    Warning (113027): Addresses ranging from 32 to 63 are not initialized File: C:/descomp/MIPS/ROMcontent.mif Line: 1
Warning (13046): Tri-state node(s) do not directly drive top-level pin(s)
    Warning (13049): Converted tri-state buffer "RAMMIPS:RAM|Dado_out[12]" feeding internal logic into a wire File: C:/descomp/MIPS/RAMMIPS.vhd Line: 13
    Warning (13049): Converted tri-state buffer "RAMMIPS:RAM|Dado_out[11]" feeding internal logic into a wire File: C:/descomp/MIPS/RAMMIPS.vhd Line: 13
    Warning (13049): Converted tri-state buffer "RAMMIPS:RAM|Dado_out[10]" feeding internal logic into a wire File: C:/descomp/MIPS/RAMMIPS.vhd Line: 13
    Warning (13049): Converted tri-state buffer "RAMMIPS:RAM|Dado_out[9]" feeding internal logic into a wire File: C:/descomp/MIPS/RAMMIPS.vhd Line: 13
    Warning (13049): Converted tri-state buffer "RAMMIPS:RAM|Dado_out[8]" feeding internal logic into a wire File: C:/descomp/MIPS/RAMMIPS.vhd Line: 13
    Warning (13049): Converted tri-state buffer "RAMMIPS:RAM|Dado_out[7]" feeding internal logic into a wire File: C:/descomp/MIPS/RAMMIPS.vhd Line: 13
    Warning (13049): Converted tri-state buffer "RAMMIPS:RAM|Dado_out[6]" feeding internal logic into a wire File: C:/descomp/MIPS/RAMMIPS.vhd Line: 13
    Warning (13049): Converted tri-state buffer "RAMMIPS:RAM|Dado_out[5]" feeding internal logic into a wire File: C:/descomp/MIPS/RAMMIPS.vhd Line: 13
    Warning (13049): Converted tri-state buffer "RAMMIPS:RAM|Dado_out[4]" feeding internal logic into a wire File: C:/descomp/MIPS/RAMMIPS.vhd Line: 13
    Warning (13049): Converted tri-state buffer "RAMMIPS:RAM|Dado_out[3]" feeding internal logic into a wire File: C:/descomp/MIPS/RAMMIPS.vhd Line: 13
    Warning (13049): Converted tri-state buffer "RAMMIPS:RAM|Dado_out[2]" feeding internal logic into a wire File: C:/descomp/MIPS/RAMMIPS.vhd Line: 13
    Warning (13049): Converted tri-state buffer "RAMMIPS:RAM|Dado_out[1]" feeding internal logic into a wire File: C:/descomp/MIPS/RAMMIPS.vhd Line: 13
    Warning (13049): Converted tri-state buffer "RAMMIPS:RAM|Dado_out[0]" feeding internal logic into a wire File: C:/descomp/MIPS/RAMMIPS.vhd Line: 13
    Warning (13049): Converted tri-state buffer "RAMMIPS:RAM|Dado_out[13]" feeding internal logic into a wire File: C:/descomp/MIPS/RAMMIPS.vhd Line: 13
    Warning (13049): Converted tri-state buffer "RAMMIPS:RAM|Dado_out[14]" feeding internal logic into a wire File: C:/descomp/MIPS/RAMMIPS.vhd Line: 13
    Warning (13049): Converted tri-state buffer "RAMMIPS:RAM|Dado_out[15]" feeding internal logic into a wire File: C:/descomp/MIPS/RAMMIPS.vhd Line: 13
    Warning (13049): Converted tri-state buffer "RAMMIPS:RAM|Dado_out[16]" feeding internal logic into a wire File: C:/descomp/MIPS/RAMMIPS.vhd Line: 13
    Warning (13049): Converted tri-state buffer "RAMMIPS:RAM|Dado_out[17]" feeding internal logic into a wire File: C:/descomp/MIPS/RAMMIPS.vhd Line: 13
    Warning (13049): Converted tri-state buffer "RAMMIPS:RAM|Dado_out[18]" feeding internal logic into a wire File: C:/descomp/MIPS/RAMMIPS.vhd Line: 13
    Warning (13049): Converted tri-state buffer "RAMMIPS:RAM|Dado_out[19]" feeding internal logic into a wire File: C:/descomp/MIPS/RAMMIPS.vhd Line: 13
    Warning (13049): Converted tri-state buffer "RAMMIPS:RAM|Dado_out[20]" feeding internal logic into a wire File: C:/descomp/MIPS/RAMMIPS.vhd Line: 13
    Warning (13049): Converted tri-state buffer "RAMMIPS:RAM|Dado_out[21]" feeding internal logic into a wire File: C:/descomp/MIPS/RAMMIPS.vhd Line: 13
    Warning (13049): Converted tri-state buffer "RAMMIPS:RAM|Dado_out[22]" feeding internal logic into a wire File: C:/descomp/MIPS/RAMMIPS.vhd Line: 13
    Warning (13049): Converted tri-state buffer "RAMMIPS:RAM|Dado_out[23]" feeding internal logic into a wire File: C:/descomp/MIPS/RAMMIPS.vhd Line: 13
    Warning (13049): Converted tri-state buffer "RAMMIPS:RAM|Dado_out[24]" feeding internal logic into a wire File: C:/descomp/MIPS/RAMMIPS.vhd Line: 13
    Warning (13049): Converted tri-state buffer "RAMMIPS:RAM|Dado_out[25]" feeding internal logic into a wire File: C:/descomp/MIPS/RAMMIPS.vhd Line: 13
    Warning (13049): Converted tri-state buffer "RAMMIPS:RAM|Dado_out[26]" feeding internal logic into a wire File: C:/descomp/MIPS/RAMMIPS.vhd Line: 13
    Warning (13049): Converted tri-state buffer "RAMMIPS:RAM|Dado_out[27]" feeding internal logic into a wire File: C:/descomp/MIPS/RAMMIPS.vhd Line: 13
    Warning (13049): Converted tri-state buffer "RAMMIPS:RAM|Dado_out[28]" feeding internal logic into a wire File: C:/descomp/MIPS/RAMMIPS.vhd Line: 13
    Warning (13049): Converted tri-state buffer "RAMMIPS:RAM|Dado_out[29]" feeding internal logic into a wire File: C:/descomp/MIPS/RAMMIPS.vhd Line: 13
    Warning (13049): Converted tri-state buffer "RAMMIPS:RAM|Dado_out[30]" feeding internal logic into a wire File: C:/descomp/MIPS/RAMMIPS.vhd Line: 13
    Warning (13049): Converted tri-state buffer "RAMMIPS:RAM|Dado_out[31]" feeding internal logic into a wire File: C:/descomp/MIPS/RAMMIPS.vhd Line: 13
Warning (113028): 63 out of 64 addresses are uninitialized. The Quartus Prime software will initialize them to "0". There are 1 warnings found, and 1 warnings are reported. File: C:/descomp/MIPS/RAMcontent.mif Line: 1
    Warning (113027): Addresses ranging from 1 to 63 are not initialized File: C:/descomp/MIPS/RAMcontent.mif Line: 1
Warning (13024): Output pins are stuck at VCC or GND
    Warning (13410): Pin "LEDR[8]" is stuck at GND File: C:/descomp/MIPS/MIPS.vhd Line: 18
    Warning (13410): Pin "LEDR[9]" is stuck at GND File: C:/descomp/MIPS/MIPS.vhd Line: 18
Info (286030): Timing-Driven Synthesis is running
Info (16010): Generating hard_block partition "hard_block:auto_generated_inst"
    Info (16011): Adding 0 node(s), including 0 DDIO, 0 PLL, 0 transceiver and 0 LCELL
Warning (21074): Design contains 13 input pin(s) that do not drive logic
    Warning (15610): No output dependent on input pin "FPGA_RESET_N" File: C:/descomp/MIPS/MIPS.vhd Line: 15
    Warning (15610): No output dependent on input pin "KEY[1]" File: C:/descomp/MIPS/MIPS.vhd Line: 16
    Warning (15610): No output dependent on input pin "KEY[2]" File: C:/descomp/MIPS/MIPS.vhd Line: 16
    Warning (15610): No output dependent on input pin "KEY[3]" File: C:/descomp/MIPS/MIPS.vhd Line: 16
    Warning (15610): No output dependent on input pin "SW[1]" File: C:/descomp/MIPS/MIPS.vhd Line: 17
    Warning (15610): No output dependent on input pin "SW[2]" File: C:/descomp/MIPS/MIPS.vhd Line: 17
    Warning (15610): No output dependent on input pin "SW[3]" File: C:/descomp/MIPS/MIPS.vhd Line: 17
    Warning (15610): No output dependent on input pin "SW[4]" File: C:/descomp/MIPS/MIPS.vhd Line: 17
    Warning (15610): No output dependent on input pin "SW[5]" File: C:/descomp/MIPS/MIPS.vhd Line: 17
    Warning (15610): No output dependent on input pin "SW[6]" File: C:/descomp/MIPS/MIPS.vhd Line: 17
    Warning (15610): No output dependent on input pin "SW[7]" File: C:/descomp/MIPS/MIPS.vhd Line: 17
    Warning (15610): No output dependent on input pin "SW[8]" File: C:/descomp/MIPS/MIPS.vhd Line: 17
    Warning (15610): No output dependent on input pin "SW[9]" File: C:/descomp/MIPS/MIPS.vhd Line: 17
Info (21057): Implemented 4958 device resources after synthesis - the final resource count might be different
    Info (21058): Implemented 16 input pins
    Info (21059): Implemented 84 output pins
    Info (21061): Implemented 4858 logic cells
Info: Quartus Prime Analysis & Synthesis was successful. 0 errors, 58 warnings
    Info: Peak virtual memory: 4864 megabytes
    Info: Processing ended: Tue Dec 06 16:39:57 2022
    Info: Elapsed time: 00:00:15
    Info: Total CPU time (on all processors): 00:00:24


