Analysis & Synthesis report for Aula7e8
Thu Oct 20 17:43:29 2022
Quartus Prime Version 20.1.0 Build 711 06/05/2020 SJ Lite Edition


---------------------
; Table of Contents ;
---------------------
  1. Legal Notice
  2. Analysis & Synthesis Summary
  3. Analysis & Synthesis Settings
  4. Parallel Compilation
  5. Analysis & Synthesis Source Files Read
  6. Analysis & Synthesis Resource Usage Summary
  7. Analysis & Synthesis Resource Utilization by Entity
  8. General Register Statistics
  9. Multiplexer Restructuring Statistics (Restructuring Performed)
 10. Parameter Settings for User Entity Instance: Top-level Entity: |contador_intermediario
 11. Parameter Settings for User Entity Instance: CPU:CPU
 12. Parameter Settings for User Entity Instance: CPU:CPU|muxGenerico2x1:MUX_EntradaB_ULA
 13. Parameter Settings for User Entity Instance: CPU:CPU|ULASomaSub:ULA1
 14. Parameter Settings for User Entity Instance: CPU:CPU|bancoRegistradoresArqRegMem:BANCO_REG
 15. Parameter Settings for User Entity Instance: CPU:CPU|muxGenericoNx1:MUX_PC
 16. Parameter Settings for User Entity Instance: CPU:CPU|registradorGenerico:REG_RETORNO
 17. Parameter Settings for User Entity Instance: CPU:CPU|somaConstante:incrementaPC
 18. Parameter Settings for User Entity Instance: CPU:CPU|registradorGenerico:PC
 19. Parameter Settings for User Entity Instance: memoriaROM:ROM
 20. Parameter Settings for User Entity Instance: memoriaRAM:RAM
 21. Parameter Settings for User Entity Instance: ledComponent:logica_LED
 22. Parameter Settings for User Entity Instance: ledComponent:logica_LED|registradorGenerico:LED0to7
 23. Parameter Settings for User Entity Instance: hexComponent:comp_HEX0
 24. Parameter Settings for User Entity Instance: hexComponent:comp_HEX0|registradorGenerico:REG
 25. Parameter Settings for User Entity Instance: hexComponent:comp_HEX1
 26. Parameter Settings for User Entity Instance: hexComponent:comp_HEX1|registradorGenerico:REG
 27. Parameter Settings for User Entity Instance: hexComponent:comp_HEX2
 28. Parameter Settings for User Entity Instance: hexComponent:comp_HEX2|registradorGenerico:REG
 29. Parameter Settings for User Entity Instance: hexComponent:comp_HEX3
 30. Parameter Settings for User Entity Instance: hexComponent:comp_HEX3|registradorGenerico:REG
 31. Parameter Settings for User Entity Instance: hexComponent:comp_HEX4
 32. Parameter Settings for User Entity Instance: hexComponent:comp_HEX4|registradorGenerico:REG
 33. Parameter Settings for User Entity Instance: hexComponent:comp_HEX5
 34. Parameter Settings for User Entity Instance: hexComponent:comp_HEX5|registradorGenerico:REG
 35. Port Connectivity Checks: "logicaKeys:logicaKeys|keyDebounce:KEY_0|buffer_3_state_8portas:buff"
 36. Port Connectivity Checks: "logicaKeys:logicaKeys|keyDebounce:KEY_0|flipFlopGenerico:FF0"
 37. Port Connectivity Checks: "hexComponent:comp_HEX0|conversorHex7Seg:converSeg"
 38. Port Connectivity Checks: "hexComponent:comp_HEX0|registradorGenerico:REG"
 39. Port Connectivity Checks: "ledComponent:logica_LED|registradorGenerico:LED0to7"
 40. Port Connectivity Checks: "ledComponent:logica_LED|flipFlopGenerico:LED8"
 41. Port Connectivity Checks: "ledComponent:logica_LED|flipFlopGenerico:LED9"
 42. Port Connectivity Checks: "decoder3x8:DEC_Enderecos"
 43. Port Connectivity Checks: "decoder3x8:DEC_Blocos"
 44. Port Connectivity Checks: "CPU:CPU|registradorGenerico:PC"
 45. Port Connectivity Checks: "CPU:CPU|registradorGenerico:REG_RETORNO"
 46. Port Connectivity Checks: "CPU:CPU|muxGenericoNx1:MUX_PC"
 47. Port Connectivity Checks: "CPU:CPU|flipFlopGenerico:REG_FLAG_LESS"
 48. Port Connectivity Checks: "CPU:CPU|flipFlopGenerico:REG_FLAG_ZERO"
 49. Port Connectivity Checks: "CPU:CPU|decoderGeneric:DEC_instrucao"
 50. Post-Synthesis Netlist Statistics for Top Partition
 51. Elapsed Time Per Partition
 52. Analysis & Synthesis Messages



----------------
; Legal Notice ;
----------------
Copyright (C) 2020  Intel Corporation. All rights reserved.
Your use of Intel Corporation's design tools, logic functions 
and other software and tools, and any partner logic 
functions, and any output files from any of the foregoing 
(including device programming or simulation files), and any 
associated documentation or information are expressly subject 
to the terms and conditions of the Intel Program License 
Subscription Agreement, the Intel Quartus Prime License Agreement,
the Intel FPGA IP License Agreement, or other applicable license
agreement, including, without limitation, that your use is for
the sole purpose of programming logic devices manufactured by
Intel and sold by Intel or its authorized distributors.  Please
refer to the applicable agreement for further details, at
https://fpgasoftware.intel.com/eula.



+-------------------------------------------------------------------------------+
; Analysis & Synthesis Summary                                                  ;
+---------------------------------+---------------------------------------------+
; Analysis & Synthesis Status     ; Successful - Thu Oct 20 17:43:29 2022       ;
; Quartus Prime Version           ; 20.1.0 Build 711 06/05/2020 SJ Lite Edition ;
; Revision Name                   ; Aula7e8                                     ;
; Top-level Entity Name           ; contador_intermediario                      ;
; Family                          ; Cyclone V                                   ;
; Logic utilization (in ALMs)     ; N/A                                         ;
; Total registers                 ; 602                                         ;
; Total pins                      ; 68                                          ;
; Total virtual pins              ; 0                                           ;
; Total block memory bits         ; 0                                           ;
; Total DSP Blocks                ; 0                                           ;
; Total HSSI RX PCSs              ; 0                                           ;
; Total HSSI PMA RX Deserializers ; 0                                           ;
; Total HSSI TX PCSs              ; 0                                           ;
; Total HSSI PMA TX Serializers   ; 0                                           ;
; Total PLLs                      ; 0                                           ;
; Total DLLs                      ; 0                                           ;
+---------------------------------+---------------------------------------------+


+-------------------------------------------------------------------------------------------------------------------------------+
; Analysis & Synthesis Settings                                                                                                 ;
+---------------------------------------------------------------------------------+------------------------+--------------------+
; Option                                                                          ; Setting                ; Default Value      ;
+---------------------------------------------------------------------------------+------------------------+--------------------+
; Device                                                                          ; 5CEBA4F23C7            ;                    ;
; Top-level entity name                                                           ; contador_intermediario ; Aula7e8            ;
; Family name                                                                     ; Cyclone V              ; Cyclone V          ;
; Maximum processors allowed for parallel compilation                             ; All                    ;                    ;
; VHDL Show LMF Mapping Messages                                                  ; Off                    ;                    ;
; VHDL Version                                                                    ; VHDL_2008              ; VHDL_1993          ;
; Use smart compilation                                                           ; Off                    ; Off                ;
; Enable parallel Assembler and Timing Analyzer during compilation                ; On                     ; On                 ;
; Enable compact report table                                                     ; Off                    ; Off                ;
; Restructure Multiplexers                                                        ; Auto                   ; Auto               ;
; MLAB Add Timing Constraints For Mixed-Port Feed-Through Mode Setting Don't Care ; Off                    ; Off                ;
; Create Debugging Nodes for IP Cores                                             ; Off                    ; Off                ;
; Preserve fewer node names                                                       ; On                     ; On                 ;
; Intel FPGA IP Evaluation Mode                                                   ; Enable                 ; Enable             ;
; Verilog Version                                                                 ; Verilog_2001           ; Verilog_2001       ;
; State Machine Processing                                                        ; Auto                   ; Auto               ;
; Safe State Machine                                                              ; Off                    ; Off                ;
; Extract Verilog State Machines                                                  ; On                     ; On                 ;
; Extract VHDL State Machines                                                     ; On                     ; On                 ;
; Ignore Verilog initial constructs                                               ; Off                    ; Off                ;
; Iteration limit for constant Verilog loops                                      ; 5000                   ; 5000               ;
; Iteration limit for non-constant Verilog loops                                  ; 250                    ; 250                ;
; Add Pass-Through Logic to Inferred RAMs                                         ; On                     ; On                 ;
; Infer RAMs from Raw Logic                                                       ; On                     ; On                 ;
; Parallel Synthesis                                                              ; On                     ; On                 ;
; DSP Block Balancing                                                             ; Auto                   ; Auto               ;
; NOT Gate Push-Back                                                              ; On                     ; On                 ;
; Power-Up Don't Care                                                             ; On                     ; On                 ;
; Remove Redundant Logic Cells                                                    ; Off                    ; Off                ;
; Remove Duplicate Registers                                                      ; On                     ; On                 ;
; Ignore CARRY Buffers                                                            ; Off                    ; Off                ;
; Ignore CASCADE Buffers                                                          ; Off                    ; Off                ;
; Ignore GLOBAL Buffers                                                           ; Off                    ; Off                ;
; Ignore ROW GLOBAL Buffers                                                       ; Off                    ; Off                ;
; Ignore LCELL Buffers                                                            ; Off                    ; Off                ;
; Ignore SOFT Buffers                                                             ; On                     ; On                 ;
; Limit AHDL Integers to 32 Bits                                                  ; Off                    ; Off                ;
; Optimization Technique                                                          ; Balanced               ; Balanced           ;
; Carry Chain Length                                                              ; 70                     ; 70                 ;
; Auto Carry Chains                                                               ; On                     ; On                 ;
; Auto Open-Drain Pins                                                            ; On                     ; On                 ;
; Perform WYSIWYG Primitive Resynthesis                                           ; Off                    ; Off                ;
; Auto ROM Replacement                                                            ; On                     ; On                 ;
; Auto RAM Replacement                                                            ; On                     ; On                 ;
; Auto DSP Block Replacement                                                      ; On                     ; On                 ;
; Auto Shift Register Replacement                                                 ; Auto                   ; Auto               ;
; Allow Shift Register Merging across Hierarchies                                 ; Auto                   ; Auto               ;
; Auto Clock Enable Replacement                                                   ; On                     ; On                 ;
; Strict RAM Replacement                                                          ; Off                    ; Off                ;
; Allow Synchronous Control Signals                                               ; On                     ; On                 ;
; Force Use of Synchronous Clear Signals                                          ; Off                    ; Off                ;
; Auto Resource Sharing                                                           ; Off                    ; Off                ;
; Allow Any RAM Size For Recognition                                              ; Off                    ; Off                ;
; Allow Any ROM Size For Recognition                                              ; Off                    ; Off                ;
; Allow Any Shift Register Size For Recognition                                   ; Off                    ; Off                ;
; Use LogicLock Constraints during Resource Balancing                             ; On                     ; On                 ;
; Ignore translate_off and synthesis_off directives                               ; Off                    ; Off                ;
; Timing-Driven Synthesis                                                         ; On                     ; On                 ;
; Report Parameter Settings                                                       ; On                     ; On                 ;
; Report Source Assignments                                                       ; On                     ; On                 ;
; Report Connectivity Checks                                                      ; On                     ; On                 ;
; Ignore Maximum Fan-Out Assignments                                              ; Off                    ; Off                ;
; Synchronization Register Chain Length                                           ; 3                      ; 3                  ;
; Power Optimization During Synthesis                                             ; Normal compilation     ; Normal compilation ;
; HDL message level                                                               ; Level2                 ; Level2             ;
; Suppress Register Optimization Related Messages                                 ; Off                    ; Off                ;
; Number of Removed Registers Reported in Synthesis Report                        ; 5000                   ; 5000               ;
; Number of Swept Nodes Reported in Synthesis Report                              ; 5000                   ; 5000               ;
; Number of Inverted Registers Reported in Synthesis Report                       ; 100                    ; 100                ;
; Clock MUX Protection                                                            ; On                     ; On                 ;
; Auto Gated Clock Conversion                                                     ; Off                    ; Off                ;
; Block Design Naming                                                             ; Auto                   ; Auto               ;
; SDC constraint protection                                                       ; Off                    ; Off                ;
; Synthesis Effort                                                                ; Auto                   ; Auto               ;
; Shift Register Replacement - Allow Asynchronous Clear Signal                    ; On                     ; On                 ;
; Pre-Mapping Resynthesis Optimization                                            ; Off                    ; Off                ;
; Analysis & Synthesis Message Level                                              ; Medium                 ; Medium             ;
; Disable Register Merging Across Hierarchies                                     ; Auto                   ; Auto               ;
; Resource Aware Inference For Block RAM                                          ; On                     ; On                 ;
; Automatic Parallel Synthesis                                                    ; On                     ; On                 ;
; Partial Reconfiguration Bitstream ID                                            ; Off                    ; Off                ;
+---------------------------------------------------------------------------------+------------------------+--------------------+


+------------------------------------------+
; Parallel Compilation                     ;
+----------------------------+-------------+
; Processors                 ; Number      ;
+----------------------------+-------------+
; Number detected on machine ; 12          ;
; Maximum allowed            ; 6           ;
;                            ;             ;
; Average used               ; 1.00        ;
; Maximum used               ; 6           ;
;                            ;             ;
; Usage by Processor         ; % Time Used ;
;     Processor 1            ; 100.0%      ;
;     Processor 2            ;   0.0%      ;
;     Processor 3            ;   0.0%      ;
;     Processor 4            ;   0.0%      ;
;     Processor 5            ;   0.0%      ;
;     Processor 6            ;   0.0%      ;
+----------------------------+-------------+


+----------------------------------------------------------------------------------------------------------------------------------------------------+
; Analysis & Synthesis Source Files Read                                                                                                             ;
+----------------------------------+-----------------+-----------------+-------------------------------------------------------------------+---------+
; File Name with User-Entered Path ; Used in Netlist ; File Type       ; File Name with Absolute Path                                      ; Library ;
+----------------------------------+-----------------+-----------------+-------------------------------------------------------------------+---------+
; contador_intermediario.vhd       ; yes             ; User VHDL File  ; C:/descomp/contador_intermediario/contador_intermediario.vhd      ;         ;
; keyDebounce.vhd                  ; yes             ; User VHDL File  ; C:/descomp/contador_intermediario/keyDebounce.vhd                 ;         ;
; hexComponent.vhd                 ; yes             ; User VHDL File  ; C:/descomp/contador_intermediario/hexComponent.vhd                ;         ;
; conversorHex7Seg.vhd             ; yes             ; User VHDL File  ; C:/descomp/contador_intermediario/conversorHex7Seg.vhd            ;         ;
; ULASomaSub.vhd                   ; yes             ; User VHDL File  ; C:/descomp/contador_intermediario/ULASomaSub.vhd                  ;         ;
; flipFlopGenerico.vhd             ; yes             ; User VHDL File  ; C:/descomp/contador_intermediario/flipFlopGenerico.vhd            ;         ;
; decoderGeneric.vhd               ; yes             ; User VHDL File  ; C:/descomp/contador_intermediario/decoderGeneric.vhd              ;         ;
; muxGenerico2x1.vhd               ; yes             ; User VHDL File  ; C:/descomp/contador_intermediario/muxGenerico2x1.vhd              ;         ;
; muxGenericoNx1.vhd               ; yes             ; User VHDL File  ; C:/descomp/contador_intermediario/muxGenericoNx1.vhd              ;         ;
; somaConstante.vhd                ; yes             ; User VHDL File  ; C:/descomp/contador_intermediario/somaConstante.vhd               ;         ;
; registradorGenerico.vhd          ; yes             ; User VHDL File  ; C:/descomp/contador_intermediario/registradorGenerico.vhd         ;         ;
; memoriaROM.vhd                   ; yes             ; User VHDL File  ; C:/descomp/contador_intermediario/memoriaROM.vhd                  ;         ;
; memoriaRAM.vhd                   ; yes             ; User VHDL File  ; C:/descomp/contador_intermediario/memoriaRAM.vhd                  ;         ;
; CPU.vhd                          ; yes             ; User VHDL File  ; C:/descomp/contador_intermediario/CPU.vhd                         ;         ;
; decoder3x8.vhd                   ; yes             ; User VHDL File  ; C:/descomp/contador_intermediario/decoder3x8.vhd                  ;         ;
; edgeDetector.vhd                 ; yes             ; User VHDL File  ; C:/descomp/contador_intermediario/edgeDetector.vhd                ;         ;
; ledComponent.vhd                 ; yes             ; User VHDL File  ; C:/descomp/contador_intermediario/ledComponent.vhd                ;         ;
; buffer_3_state_8portas.vhd       ; yes             ; User VHDL File  ; C:/descomp/contador_intermediario/buffer_3_state_8portas.vhd      ;         ;
; buffer_3_state_1portas.vhd       ; yes             ; User VHDL File  ; C:/descomp/contador_intermediario/buffer_3_state_1portas.vhd      ;         ;
; logicaKeys.vhd                   ; yes             ; User VHDL File  ; C:/descomp/contador_intermediario/logicaKeys.vhd                  ;         ;
; bancoRegistradoresArqRegMem.vhd  ; yes             ; User VHDL File  ; C:/descomp/contador_intermediario/bancoRegistradoresArqRegMem.vhd ;         ;
+----------------------------------+-----------------+-----------------+-------------------------------------------------------------------+---------+


+--------------------------------------------------------------+
; Analysis & Synthesis Resource Usage Summary                  ;
+---------------------------------------------+----------------+
; Resource                                    ; Usage          ;
+---------------------------------------------+----------------+
; Estimate of Logic utilization (ALMs needed) ; 484            ;
;                                             ;                ;
; Combinational ALUT usage for logic          ; 511            ;
;     -- 7 input functions                    ; 1              ;
;     -- 6 input functions                    ; 276            ;
;     -- 5 input functions                    ; 61             ;
;     -- 4 input functions                    ; 66             ;
;     -- <=3 input functions                  ; 107            ;
;                                             ;                ;
; Dedicated logic registers                   ; 602            ;
;                                             ;                ;
; I/O pins                                    ; 68             ;
;                                             ;                ;
; Total DSP Blocks                            ; 0              ;
;                                             ;                ;
; Maximum fan-out node                        ; CLOCK_50~input ;
; Maximum fan-out                             ; 600            ;
; Total fan-out                               ; 4452           ;
; Average fan-out                             ; 3.56           ;
+---------------------------------------------+----------------+


+--------------------------------------------------------------------------------------------------------------------------------------------------------------------------------------------------------------------------------------------------------------------------------------------+
; Analysis & Synthesis Resource Utilization by Entity                                                                                                                                                                                                                                        ;
+-----------------------------------------------+---------------------+---------------------------+-------------------+------------+------+--------------+--------------------------------------------------------------------------------------+-----------------------------+--------------+
; Compilation Hierarchy Node                    ; Combinational ALUTs ; Dedicated Logic Registers ; Block Memory Bits ; DSP Blocks ; Pins ; Virtual Pins ; Full Hierarchy Name                                                                  ; Entity Name                 ; Library Name ;
+-----------------------------------------------+---------------------+---------------------------+-------------------+------------+------+--------------+--------------------------------------------------------------------------------------+-----------------------------+--------------+
; |contador_intermediario                       ; 511 (17)            ; 602 (0)                   ; 0                 ; 0          ; 68   ; 0            ; |contador_intermediario                                                              ; contador_intermediario      ; work         ;
;    |CPU:CPU|                                  ; 71 (0)              ; 52 (0)                    ; 0                 ; 0          ; 0    ; 0            ; |contador_intermediario|CPU:CPU                                                      ; CPU                         ; work         ;
;       |ULASomaSub:ULA1|                       ; 30 (30)             ; 0 (0)                     ; 0                 ; 0          ; 0    ; 0            ; |contador_intermediario|CPU:CPU|ULASomaSub:ULA1                                      ; ULASomaSub                  ; work         ;
;       |bancoRegistradoresArqRegMem:BANCO_REG| ; 12 (12)             ; 32 (32)                   ; 0                 ; 0          ; 0    ; 0            ; |contador_intermediario|CPU:CPU|bancoRegistradoresArqRegMem:BANCO_REG                ; bancoRegistradoresArqRegMem ; work         ;
;       |decoderGeneric:DEC_instrucao|          ; 11 (11)             ; 0 (0)                     ; 0                 ; 0          ; 0    ; 0            ; |contador_intermediario|CPU:CPU|decoderGeneric:DEC_instrucao                         ; decoderGeneric              ; work         ;
;       |flipFlopGenerico:REG_FLAG_LESS|        ; 0 (0)               ; 1 (1)                     ; 0                 ; 0          ; 0    ; 0            ; |contador_intermediario|CPU:CPU|flipFlopGenerico:REG_FLAG_LESS                       ; flipFlopGenerico            ; work         ;
;       |flipFlopGenerico:REG_FLAG_ZERO|        ; 0 (0)               ; 1 (1)                     ; 0                 ; 0          ; 0    ; 0            ; |contador_intermediario|CPU:CPU|flipFlopGenerico:REG_FLAG_ZERO                       ; flipFlopGenerico            ; work         ;
;       |muxGenericoNx1:MUX_PC|                 ; 9 (9)               ; 0 (0)                     ; 0                 ; 0          ; 0    ; 0            ; |contador_intermediario|CPU:CPU|muxGenericoNx1:MUX_PC                                ; muxGenericoNx1              ; work         ;
;       |registradorGenerico:PC|                ; 0 (0)               ; 9 (9)                     ; 0                 ; 0          ; 0    ; 0            ; |contador_intermediario|CPU:CPU|registradorGenerico:PC                               ; registradorGenerico         ; work         ;
;       |registradorGenerico:REG_RETORNO|       ; 0 (0)               ; 9 (9)                     ; 0                 ; 0          ; 0    ; 0            ; |contador_intermediario|CPU:CPU|registradorGenerico:REG_RETORNO                      ; registradorGenerico         ; work         ;
;       |somaConstante:incrementaPC|            ; 9 (9)               ; 0 (0)                     ; 0                 ; 0          ; 0    ; 0            ; |contador_intermediario|CPU:CPU|somaConstante:incrementaPC                           ; somaConstante               ; work         ;
;    |hexComponent:comp_HEX0|                   ; 9 (2)               ; 4 (0)                     ; 0                 ; 0          ; 0    ; 0            ; |contador_intermediario|hexComponent:comp_HEX0                                       ; hexComponent                ; work         ;
;       |conversorHex7Seg:converSeg|            ; 7 (7)               ; 0 (0)                     ; 0                 ; 0          ; 0    ; 0            ; |contador_intermediario|hexComponent:comp_HEX0|conversorHex7Seg:converSeg            ; conversorHex7Seg            ; work         ;
;       |registradorGenerico:REG|               ; 0 (0)               ; 4 (4)                     ; 0                 ; 0          ; 0    ; 0            ; |contador_intermediario|hexComponent:comp_HEX0|registradorGenerico:REG               ; registradorGenerico         ; work         ;
;    |hexComponent:comp_HEX1|                   ; 8 (1)               ; 4 (0)                     ; 0                 ; 0          ; 0    ; 0            ; |contador_intermediario|hexComponent:comp_HEX1                                       ; hexComponent                ; work         ;
;       |conversorHex7Seg:converSeg|            ; 7 (7)               ; 0 (0)                     ; 0                 ; 0          ; 0    ; 0            ; |contador_intermediario|hexComponent:comp_HEX1|conversorHex7Seg:converSeg            ; conversorHex7Seg            ; work         ;
;       |registradorGenerico:REG|               ; 0 (0)               ; 4 (4)                     ; 0                 ; 0          ; 0    ; 0            ; |contador_intermediario|hexComponent:comp_HEX1|registradorGenerico:REG               ; registradorGenerico         ; work         ;
;    |hexComponent:comp_HEX2|                   ; 8 (1)               ; 4 (0)                     ; 0                 ; 0          ; 0    ; 0            ; |contador_intermediario|hexComponent:comp_HEX2                                       ; hexComponent                ; work         ;
;       |conversorHex7Seg:converSeg|            ; 7 (7)               ; 0 (0)                     ; 0                 ; 0          ; 0    ; 0            ; |contador_intermediario|hexComponent:comp_HEX2|conversorHex7Seg:converSeg            ; conversorHex7Seg            ; work         ;
;       |registradorGenerico:REG|               ; 0 (0)               ; 4 (4)                     ; 0                 ; 0          ; 0    ; 0            ; |contador_intermediario|hexComponent:comp_HEX2|registradorGenerico:REG               ; registradorGenerico         ; work         ;
;    |hexComponent:comp_HEX3|                   ; 8 (1)               ; 4 (0)                     ; 0                 ; 0          ; 0    ; 0            ; |contador_intermediario|hexComponent:comp_HEX3                                       ; hexComponent                ; work         ;
;       |conversorHex7Seg:converSeg|            ; 7 (7)               ; 0 (0)                     ; 0                 ; 0          ; 0    ; 0            ; |contador_intermediario|hexComponent:comp_HEX3|conversorHex7Seg:converSeg            ; conversorHex7Seg            ; work         ;
;       |registradorGenerico:REG|               ; 0 (0)               ; 4 (4)                     ; 0                 ; 0          ; 0    ; 0            ; |contador_intermediario|hexComponent:comp_HEX3|registradorGenerico:REG               ; registradorGenerico         ; work         ;
;    |hexComponent:comp_HEX4|                   ; 8 (1)               ; 4 (0)                     ; 0                 ; 0          ; 0    ; 0            ; |contador_intermediario|hexComponent:comp_HEX4                                       ; hexComponent                ; work         ;
;       |conversorHex7Seg:converSeg|            ; 7 (7)               ; 0 (0)                     ; 0                 ; 0          ; 0    ; 0            ; |contador_intermediario|hexComponent:comp_HEX4|conversorHex7Seg:converSeg            ; conversorHex7Seg            ; work         ;
;       |registradorGenerico:REG|               ; 0 (0)               ; 4 (4)                     ; 0                 ; 0          ; 0    ; 0            ; |contador_intermediario|hexComponent:comp_HEX4|registradorGenerico:REG               ; registradorGenerico         ; work         ;
;    |hexComponent:comp_HEX5|                   ; 9 (2)               ; 4 (0)                     ; 0                 ; 0          ; 0    ; 0            ; |contador_intermediario|hexComponent:comp_HEX5                                       ; hexComponent                ; work         ;
;       |conversorHex7Seg:converSeg|            ; 7 (7)               ; 0 (0)                     ; 0                 ; 0          ; 0    ; 0            ; |contador_intermediario|hexComponent:comp_HEX5|conversorHex7Seg:converSeg            ; conversorHex7Seg            ; work         ;
;       |registradorGenerico:REG|               ; 0 (0)               ; 4 (4)                     ; 0                 ; 0          ; 0    ; 0            ; |contador_intermediario|hexComponent:comp_HEX5|registradorGenerico:REG               ; registradorGenerico         ; work         ;
;    |ledComponent:logica_LED|                  ; 7 (5)               ; 10 (0)                    ; 0                 ; 0          ; 0    ; 0            ; |contador_intermediario|ledComponent:logica_LED                                      ; ledComponent                ; work         ;
;       |flipFlopGenerico:LED8|                 ; 1 (1)               ; 1 (1)                     ; 0                 ; 0          ; 0    ; 0            ; |contador_intermediario|ledComponent:logica_LED|flipFlopGenerico:LED8                ; flipFlopGenerico            ; work         ;
;       |flipFlopGenerico:LED9|                 ; 1 (1)               ; 1 (1)                     ; 0                 ; 0          ; 0    ; 0            ; |contador_intermediario|ledComponent:logica_LED|flipFlopGenerico:LED9                ; flipFlopGenerico            ; work         ;
;       |registradorGenerico:LED0to7|           ; 0 (0)               ; 8 (8)                     ; 0                 ; 0          ; 0    ; 0            ; |contador_intermediario|ledComponent:logica_LED|registradorGenerico:LED0to7          ; registradorGenerico         ; work         ;
;    |logicaKeys:logicaKeys|                    ; 2 (0)               ; 4 (0)                     ; 0                 ; 0          ; 0    ; 0            ; |contador_intermediario|logicaKeys:logicaKeys                                        ; logicaKeys                  ; work         ;
;       |keyDebounce:KEY_0|                     ; 1 (0)               ; 2 (0)                     ; 0                 ; 0          ; 0    ; 0            ; |contador_intermediario|logicaKeys:logicaKeys|keyDebounce:KEY_0                      ; keyDebounce                 ; work         ;
;          |edgeDetector:KEY|                   ; 1 (1)               ; 1 (1)                     ; 0                 ; 0          ; 0    ; 0            ; |contador_intermediario|logicaKeys:logicaKeys|keyDebounce:KEY_0|edgeDetector:KEY     ; edgeDetector                ; work         ;
;          |flipFlopGenerico:FF0|               ; 0 (0)               ; 1 (1)                     ; 0                 ; 0          ; 0    ; 0            ; |contador_intermediario|logicaKeys:logicaKeys|keyDebounce:KEY_0|flipFlopGenerico:FF0 ; flipFlopGenerico            ; work         ;
;       |keyDebounce:KEY_1|                     ; 1 (0)               ; 2 (0)                     ; 0                 ; 0          ; 0    ; 0            ; |contador_intermediario|logicaKeys:logicaKeys|keyDebounce:KEY_1                      ; keyDebounce                 ; work         ;
;          |edgeDetector:KEY|                   ; 1 (1)               ; 1 (1)                     ; 0                 ; 0          ; 0    ; 0            ; |contador_intermediario|logicaKeys:logicaKeys|keyDebounce:KEY_1|edgeDetector:KEY     ; edgeDetector                ; work         ;
;          |flipFlopGenerico:FF0|               ; 0 (0)               ; 1 (1)                     ; 0                 ; 0          ; 0    ; 0            ; |contador_intermediario|logicaKeys:logicaKeys|keyDebounce:KEY_1|flipFlopGenerico:FF0 ; flipFlopGenerico            ; work         ;
;    |memoriaRAM:RAM|                           ; 299 (299)           ; 512 (512)                 ; 0                 ; 0          ; 0    ; 0            ; |contador_intermediario|memoriaRAM:RAM                                               ; memoriaRAM                  ; work         ;
;    |memoriaROM:ROM|                           ; 65 (65)             ; 0 (0)                     ; 0                 ; 0          ; 0    ; 0            ; |contador_intermediario|memoriaROM:ROM                                               ; memoriaROM                  ; work         ;
+-----------------------------------------------+---------------------+---------------------------+-------------------+------------+------+--------------+--------------------------------------------------------------------------------------+-----------------------------+--------------+
Note: For table entries with two numbers listed, the numbers in parentheses indicate the number of resources of the given type used by the specific entity alone. The numbers listed outside of parentheses indicate the total resources of the given type used by the specific entity and all of its sub-entities in the hierarchy.


+------------------------------------------------------+
; General Register Statistics                          ;
+----------------------------------------------+-------+
; Statistic                                    ; Value ;
+----------------------------------------------+-------+
; Total registers                              ; 602   ;
; Number of registers using Synchronous Clear  ; 0     ;
; Number of registers using Synchronous Load   ; 32    ;
; Number of registers using Asynchronous Clear ; 2     ;
; Number of registers using Asynchronous Load  ; 0     ;
; Number of registers using Clock Enable       ; 587   ;
; Number of registers using Preset             ; 0     ;
+----------------------------------------------+-------+


+-------------------------------------------------------------------------------------------------------------------------------------------------------------------------------------+
; Multiplexer Restructuring Statistics (Restructuring Performed)                                                                                                                      ;
+--------------------+-----------+---------------+----------------------+------------------------+------------+-----------------------------------------------------------------------+
; Multiplexer Inputs ; Bus Width ; Baseline Area ; Area if Restructured ; Saving if Restructured ; Registered ; Example Multiplexer Output                                            ;
+--------------------+-----------+---------------+----------------------+------------------------+------------+-----------------------------------------------------------------------+
; 4:1                ; 9 bits    ; 18 LEs        ; 18 LEs               ; 0 LEs                  ; Yes        ; |contador_intermediario|CPU:CPU|registradorGenerico:PC|DOUT[6]        ;
; 3:1                ; 8 bits    ; 16 LEs        ; 16 LEs               ; 0 LEs                  ; No         ; |contador_intermediario|CPU:CPU|ULASomaSub:ULA1|saida[7]              ;
; 4:1                ; 2 bits    ; 4 LEs         ; 4 LEs                ; 0 LEs                  ; No         ; |contador_intermediario|CPU:CPU|decoderGeneric:DEC_instrucao|saida[1] ;
; 5:1                ; 2 bits    ; 6 LEs         ; 6 LEs                ; 0 LEs                  ; No         ; |contador_intermediario|CPU:CPU|decoderGeneric:DEC_instrucao|saida[5] ;
+--------------------+-----------+---------------+----------------------+------------------------+------------+-----------------------------------------------------------------------+


+----------------------------------------------------------------------------------------+
; Parameter Settings for User Entity Instance: Top-level Entity: |contador_intermediario ;
+---------------------+-------+----------------------------------------------------------+
; Parameter Name      ; Value ; Type                                                     ;
+---------------------+-------+----------------------------------------------------------+
; larguraDados        ; 8     ; Signed Integer                                           ;
; larguraEnderecos    ; 9     ; Signed Integer                                           ;
; larguraInstrucao    ; 15    ; Signed Integer                                           ;
; larguraEndBancoRegs ; 2     ; Signed Integer                                           ;
; simulacao           ; true  ; Enumerated                                               ;
+---------------------+-------+----------------------------------------------------------+
Note: In order to hide this table in the UI and the text report file, please set the "Show Parameter Settings in Synthesis Report" option in "Analysis and Synthesis Settings -> More Settings" to "Off".


+------------------------------------------------------+
; Parameter Settings for User Entity Instance: CPU:CPU ;
+---------------------+-------+------------------------+
; Parameter Name      ; Value ; Type                   ;
+---------------------+-------+------------------------+
; larguradados        ; 8     ; Signed Integer         ;
; larguraenderecos    ; 9     ; Signed Integer         ;
; largurainstrucao    ; 15    ; Signed Integer         ;
; larguraendbancoregs ; 2     ; Signed Integer         ;
+---------------------+-------+------------------------+
Note: In order to hide this table in the UI and the text report file, please set the "Show Parameter Settings in Synthesis Report" option in "Analysis and Synthesis Settings -> More Settings" to "Off".


+--------------------------------------------------------------------------------------+
; Parameter Settings for User Entity Instance: CPU:CPU|muxGenerico2x1:MUX_EntradaB_ULA ;
+----------------+-------+-------------------------------------------------------------+
; Parameter Name ; Value ; Type                                                        ;
+----------------+-------+-------------------------------------------------------------+
; larguradados   ; 8     ; Signed Integer                                              ;
+----------------+-------+-------------------------------------------------------------+
Note: In order to hide this table in the UI and the text report file, please set the "Show Parameter Settings in Synthesis Report" option in "Analysis and Synthesis Settings -> More Settings" to "Off".


+----------------------------------------------------------------------+
; Parameter Settings for User Entity Instance: CPU:CPU|ULASomaSub:ULA1 ;
+----------------+-------+---------------------------------------------+
; Parameter Name ; Value ; Type                                        ;
+----------------+-------+---------------------------------------------+
; larguradados   ; 8     ; Signed Integer                              ;
+----------------+-------+---------------------------------------------+
Note: In order to hide this table in the UI and the text report file, please set the "Show Parameter Settings in Synthesis Report" option in "Analysis and Synthesis Settings -> More Settings" to "Off".


+--------------------------------------------------------------------------------------------+
; Parameter Settings for User Entity Instance: CPU:CPU|bancoRegistradoresArqRegMem:BANCO_REG ;
+---------------------+-------+--------------------------------------------------------------+
; Parameter Name      ; Value ; Type                                                         ;
+---------------------+-------+--------------------------------------------------------------+
; larguradados        ; 8     ; Signed Integer                                               ;
; larguraendbancoregs ; 2     ; Signed Integer                                               ;
+---------------------+-------+--------------------------------------------------------------+
Note: In order to hide this table in the UI and the text report file, please set the "Show Parameter Settings in Synthesis Report" option in "Analysis and Synthesis Settings -> More Settings" to "Off".


+----------------------------------------------------------------------------+
; Parameter Settings for User Entity Instance: CPU:CPU|muxGenericoNx1:MUX_PC ;
+----------------+-------+---------------------------------------------------+
; Parameter Name ; Value ; Type                                              ;
+----------------+-------+---------------------------------------------------+
; larguradados   ; 9     ; Signed Integer                                    ;
+----------------+-------+---------------------------------------------------+
Note: In order to hide this table in the UI and the text report file, please set the "Show Parameter Settings in Synthesis Report" option in "Analysis and Synthesis Settings -> More Settings" to "Off".


+--------------------------------------------------------------------------------------+
; Parameter Settings for User Entity Instance: CPU:CPU|registradorGenerico:REG_RETORNO ;
+----------------+-------+-------------------------------------------------------------+
; Parameter Name ; Value ; Type                                                        ;
+----------------+-------+-------------------------------------------------------------+
; larguradados   ; 9     ; Signed Integer                                              ;
+----------------+-------+-------------------------------------------------------------+
Note: In order to hide this table in the UI and the text report file, please set the "Show Parameter Settings in Synthesis Report" option in "Analysis and Synthesis Settings -> More Settings" to "Off".


+---------------------------------------------------------------------------------+
; Parameter Settings for User Entity Instance: CPU:CPU|somaConstante:incrementaPC ;
+----------------+-------+--------------------------------------------------------+
; Parameter Name ; Value ; Type                                                   ;
+----------------+-------+--------------------------------------------------------+
; larguradados   ; 9     ; Signed Integer                                         ;
; constante      ; 1     ; Signed Integer                                         ;
+----------------+-------+--------------------------------------------------------+
Note: In order to hide this table in the UI and the text report file, please set the "Show Parameter Settings in Synthesis Report" option in "Analysis and Synthesis Settings -> More Settings" to "Off".


+-----------------------------------------------------------------------------+
; Parameter Settings for User Entity Instance: CPU:CPU|registradorGenerico:PC ;
+----------------+-------+----------------------------------------------------+
; Parameter Name ; Value ; Type                                               ;
+----------------+-------+----------------------------------------------------+
; larguradados   ; 9     ; Signed Integer                                     ;
+----------------+-------+----------------------------------------------------+
Note: In order to hide this table in the UI and the text report file, please set the "Show Parameter Settings in Synthesis Report" option in "Analysis and Synthesis Settings -> More Settings" to "Off".


+-------------------------------------------------------------+
; Parameter Settings for User Entity Instance: memoriaROM:ROM ;
+----------------+-------+------------------------------------+
; Parameter Name ; Value ; Type                               ;
+----------------+-------+------------------------------------+
; datawidth      ; 15    ; Signed Integer                     ;
; addrwidth      ; 9     ; Signed Integer                     ;
+----------------+-------+------------------------------------+
Note: In order to hide this table in the UI and the text report file, please set the "Show Parameter Settings in Synthesis Report" option in "Analysis and Synthesis Settings -> More Settings" to "Off".


+-------------------------------------------------------------+
; Parameter Settings for User Entity Instance: memoriaRAM:RAM ;
+----------------+-------+------------------------------------+
; Parameter Name ; Value ; Type                               ;
+----------------+-------+------------------------------------+
; datawidth      ; 8     ; Signed Integer                     ;
; addrwidth      ; 6     ; Signed Integer                     ;
+----------------+-------+------------------------------------+
Note: In order to hide this table in the UI and the text report file, please set the "Show Parameter Settings in Synthesis Report" option in "Analysis and Synthesis Settings -> More Settings" to "Off".


+----------------------------------------------------------------------+
; Parameter Settings for User Entity Instance: ledComponent:logica_LED ;
+----------------+-------+---------------------------------------------+
; Parameter Name ; Value ; Type                                        ;
+----------------+-------+---------------------------------------------+
; larguradados   ; 8     ; Signed Integer                              ;
+----------------+-------+---------------------------------------------+
Note: In order to hide this table in the UI and the text report file, please set the "Show Parameter Settings in Synthesis Report" option in "Analysis and Synthesis Settings -> More Settings" to "Off".


+--------------------------------------------------------------------------------------------------+
; Parameter Settings for User Entity Instance: ledComponent:logica_LED|registradorGenerico:LED0to7 ;
+----------------+-------+-------------------------------------------------------------------------+
; Parameter Name ; Value ; Type                                                                    ;
+----------------+-------+-------------------------------------------------------------------------+
; larguradados   ; 8     ; Signed Integer                                                          ;
+----------------+-------+-------------------------------------------------------------------------+
Note: In order to hide this table in the UI and the text report file, please set the "Show Parameter Settings in Synthesis Report" option in "Analysis and Synthesis Settings -> More Settings" to "Off".


+---------------------------------------------------------------------+
; Parameter Settings for User Entity Instance: hexComponent:comp_HEX0 ;
+----------------+-------+--------------------------------------------+
; Parameter Name ; Value ; Type                                       ;
+----------------+-------+--------------------------------------------+
; larguradados   ; 4     ; Signed Integer                             ;
+----------------+-------+--------------------------------------------+
Note: In order to hide this table in the UI and the text report file, please set the "Show Parameter Settings in Synthesis Report" option in "Analysis and Synthesis Settings -> More Settings" to "Off".


+---------------------------------------------------------------------------------------------+
; Parameter Settings for User Entity Instance: hexComponent:comp_HEX0|registradorGenerico:REG ;
+----------------+-------+--------------------------------------------------------------------+
; Parameter Name ; Value ; Type                                                               ;
+----------------+-------+--------------------------------------------------------------------+
; larguradados   ; 4     ; Signed Integer                                                     ;
+----------------+-------+--------------------------------------------------------------------+
Note: In order to hide this table in the UI and the text report file, please set the "Show Parameter Settings in Synthesis Report" option in "Analysis and Synthesis Settings -> More Settings" to "Off".


+---------------------------------------------------------------------+
; Parameter Settings for User Entity Instance: hexComponent:comp_HEX1 ;
+----------------+-------+--------------------------------------------+
; Parameter Name ; Value ; Type                                       ;
+----------------+-------+--------------------------------------------+
; larguradados   ; 4     ; Signed Integer                             ;
+----------------+-------+--------------------------------------------+
Note: In order to hide this table in the UI and the text report file, please set the "Show Parameter Settings in Synthesis Report" option in "Analysis and Synthesis Settings -> More Settings" to "Off".


+---------------------------------------------------------------------------------------------+
; Parameter Settings for User Entity Instance: hexComponent:comp_HEX1|registradorGenerico:REG ;
+----------------+-------+--------------------------------------------------------------------+
; Parameter Name ; Value ; Type                                                               ;
+----------------+-------+--------------------------------------------------------------------+
; larguradados   ; 4     ; Signed Integer                                                     ;
+----------------+-------+--------------------------------------------------------------------+
Note: In order to hide this table in the UI and the text report file, please set the "Show Parameter Settings in Synthesis Report" option in "Analysis and Synthesis Settings -> More Settings" to "Off".


+---------------------------------------------------------------------+
; Parameter Settings for User Entity Instance: hexComponent:comp_HEX2 ;
+----------------+-------+--------------------------------------------+
; Parameter Name ; Value ; Type                                       ;
+----------------+-------+--------------------------------------------+
; larguradados   ; 4     ; Signed Integer                             ;
+----------------+-------+--------------------------------------------+
Note: In order to hide this table in the UI and the text report file, please set the "Show Parameter Settings in Synthesis Report" option in "Analysis and Synthesis Settings -> More Settings" to "Off".


+---------------------------------------------------------------------------------------------+
; Parameter Settings for User Entity Instance: hexComponent:comp_HEX2|registradorGenerico:REG ;
+----------------+-------+--------------------------------------------------------------------+
; Parameter Name ; Value ; Type                                                               ;
+----------------+-------+--------------------------------------------------------------------+
; larguradados   ; 4     ; Signed Integer                                                     ;
+----------------+-------+--------------------------------------------------------------------+
Note: In order to hide this table in the UI and the text report file, please set the "Show Parameter Settings in Synthesis Report" option in "Analysis and Synthesis Settings -> More Settings" to "Off".


+---------------------------------------------------------------------+
; Parameter Settings for User Entity Instance: hexComponent:comp_HEX3 ;
+----------------+-------+--------------------------------------------+
; Parameter Name ; Value ; Type                                       ;
+----------------+-------+--------------------------------------------+
; larguradados   ; 4     ; Signed Integer                             ;
+----------------+-------+--------------------------------------------+
Note: In order to hide this table in the UI and the text report file, please set the "Show Parameter Settings in Synthesis Report" option in "Analysis and Synthesis Settings -> More Settings" to "Off".


+---------------------------------------------------------------------------------------------+
; Parameter Settings for User Entity Instance: hexComponent:comp_HEX3|registradorGenerico:REG ;
+----------------+-------+--------------------------------------------------------------------+
; Parameter Name ; Value ; Type                                                               ;
+----------------+-------+--------------------------------------------------------------------+
; larguradados   ; 4     ; Signed Integer                                                     ;
+----------------+-------+--------------------------------------------------------------------+
Note: In order to hide this table in the UI and the text report file, please set the "Show Parameter Settings in Synthesis Report" option in "Analysis and Synthesis Settings -> More Settings" to "Off".


+---------------------------------------------------------------------+
; Parameter Settings for User Entity Instance: hexComponent:comp_HEX4 ;
+----------------+-------+--------------------------------------------+
; Parameter Name ; Value ; Type                                       ;
+----------------+-------+--------------------------------------------+
; larguradados   ; 4     ; Signed Integer                             ;
+----------------+-------+--------------------------------------------+
Note: In order to hide this table in the UI and the text report file, please set the "Show Parameter Settings in Synthesis Report" option in "Analysis and Synthesis Settings -> More Settings" to "Off".


+---------------------------------------------------------------------------------------------+
; Parameter Settings for User Entity Instance: hexComponent:comp_HEX4|registradorGenerico:REG ;
+----------------+-------+--------------------------------------------------------------------+
; Parameter Name ; Value ; Type                                                               ;
+----------------+-------+--------------------------------------------------------------------+
; larguradados   ; 4     ; Signed Integer                                                     ;
+----------------+-------+--------------------------------------------------------------------+
Note: In order to hide this table in the UI and the text report file, please set the "Show Parameter Settings in Synthesis Report" option in "Analysis and Synthesis Settings -> More Settings" to "Off".


+---------------------------------------------------------------------+
; Parameter Settings for User Entity Instance: hexComponent:comp_HEX5 ;
+----------------+-------+--------------------------------------------+
; Parameter Name ; Value ; Type                                       ;
+----------------+-------+--------------------------------------------+
; larguradados   ; 4     ; Signed Integer                             ;
+----------------+-------+--------------------------------------------+
Note: In order to hide this table in the UI and the text report file, please set the "Show Parameter Settings in Synthesis Report" option in "Analysis and Synthesis Settings -> More Settings" to "Off".


+---------------------------------------------------------------------------------------------+
; Parameter Settings for User Entity Instance: hexComponent:comp_HEX5|registradorGenerico:REG ;
+----------------+-------+--------------------------------------------------------------------+
; Parameter Name ; Value ; Type                                                               ;
+----------------+-------+--------------------------------------------------------------------+
; larguradados   ; 4     ; Signed Integer                                                     ;
+----------------+-------+--------------------------------------------------------------------+
Note: In order to hide this table in the UI and the text report file, please set the "Show Parameter Settings in Synthesis Report" option in "Analysis and Synthesis Settings -> More Settings" to "Off".


+-------------------------------------------------------------------------------------------------+
; Port Connectivity Checks: "logicaKeys:logicaKeys|keyDebounce:KEY_0|buffer_3_state_8portas:buff" ;
+---------------+-------+----------+--------------------------------------------------------------+
; Port          ; Type  ; Severity ; Details                                                      ;
+---------------+-------+----------+--------------------------------------------------------------+
; entrada[7..1] ; Input ; Info     ; Stuck at GND                                                 ;
+---------------+-------+----------+--------------------------------------------------------------+


+------------------------------------------------------------------------------------------+
; Port Connectivity Checks: "logicaKeys:logicaKeys|keyDebounce:KEY_0|flipFlopGenerico:FF0" ;
+--------+-------+----------+--------------------------------------------------------------+
; Port   ; Type  ; Severity ; Details                                                      ;
+--------+-------+----------+--------------------------------------------------------------+
; din    ; Input ; Info     ; Stuck at VCC                                                 ;
; enable ; Input ; Info     ; Stuck at VCC                                                 ;
+--------+-------+----------+--------------------------------------------------------------+


+-------------------------------------------------------------------------------+
; Port Connectivity Checks: "hexComponent:comp_HEX0|conversorHex7Seg:converSeg" ;
+----------+-------+----------+-------------------------------------------------+
; Port     ; Type  ; Severity ; Details                                         ;
+----------+-------+----------+-------------------------------------------------+
; apaga    ; Input ; Info     ; Stuck at GND                                    ;
; negativo ; Input ; Info     ; Stuck at GND                                    ;
; overflow ; Input ; Info     ; Stuck at GND                                    ;
+----------+-------+----------+-------------------------------------------------+


+----------------------------------------------------------------------------+
; Port Connectivity Checks: "hexComponent:comp_HEX0|registradorGenerico:REG" ;
+------+-------+----------+--------------------------------------------------+
; Port ; Type  ; Severity ; Details                                          ;
+------+-------+----------+--------------------------------------------------+
; rst  ; Input ; Info     ; Stuck at GND                                     ;
+------+-------+----------+--------------------------------------------------+


+---------------------------------------------------------------------------------+
; Port Connectivity Checks: "ledComponent:logica_LED|registradorGenerico:LED0to7" ;
+------+-------+----------+-------------------------------------------------------+
; Port ; Type  ; Severity ; Details                                               ;
+------+-------+----------+-------------------------------------------------------+
; rst  ; Input ; Info     ; Stuck at GND                                          ;
+------+-------+----------+-------------------------------------------------------+


+---------------------------------------------------------------------------+
; Port Connectivity Checks: "ledComponent:logica_LED|flipFlopGenerico:LED8" ;
+------+-------+----------+-------------------------------------------------+
; Port ; Type  ; Severity ; Details                                         ;
+------+-------+----------+-------------------------------------------------+
; rst  ; Input ; Info     ; Stuck at GND                                    ;
+------+-------+----------+-------------------------------------------------+


+---------------------------------------------------------------------------+
; Port Connectivity Checks: "ledComponent:logica_LED|flipFlopGenerico:LED9" ;
+------+-------+----------+-------------------------------------------------+
; Port ; Type  ; Severity ; Details                                         ;
+------+-------+----------+-------------------------------------------------+
; rst  ; Input ; Info     ; Stuck at GND                                    ;
+------+-------+----------+-------------------------------------------------+


+-----------------------------------------------------------------------------------------------------------------------+
; Port Connectivity Checks: "decoder3x8:DEC_Enderecos"                                                                  ;
+-------------+--------+----------+-------------------------------------------------------------------------------------+
; Port        ; Type   ; Severity ; Details                                                                             ;
+-------------+--------+----------+-------------------------------------------------------------------------------------+
; saida[7..6] ; Output ; Info     ; Connected to dangling logic. Logic that only feeds a dangling port will be removed. ;
+-------------+--------+----------+-------------------------------------------------------------------------------------+


+-----------------------------------------------------------------------------------------------------------------------+
; Port Connectivity Checks: "decoder3x8:DEC_Blocos"                                                                     ;
+-------------+--------+----------+-------------------------------------------------------------------------------------+
; Port        ; Type   ; Severity ; Details                                                                             ;
+-------------+--------+----------+-------------------------------------------------------------------------------------+
; saida[7..6] ; Output ; Info     ; Connected to dangling logic. Logic that only feeds a dangling port will be removed. ;
; saida[3..1] ; Output ; Info     ; Connected to dangling logic. Logic that only feeds a dangling port will be removed. ;
+-------------+--------+----------+-------------------------------------------------------------------------------------+


+------------------------------------------------------------+
; Port Connectivity Checks: "CPU:CPU|registradorGenerico:PC" ;
+--------+-------+----------+--------------------------------+
; Port   ; Type  ; Severity ; Details                        ;
+--------+-------+----------+--------------------------------+
; enable ; Input ; Info     ; Stuck at VCC                   ;
; rst    ; Input ; Info     ; Stuck at GND                   ;
+--------+-------+----------+--------------------------------+


+---------------------------------------------------------------------+
; Port Connectivity Checks: "CPU:CPU|registradorGenerico:REG_RETORNO" ;
+------+-------+----------+-------------------------------------------+
; Port ; Type  ; Severity ; Details                                   ;
+------+-------+----------+-------------------------------------------+
; rst  ; Input ; Info     ; Stuck at GND                              ;
+------+-------+----------+-------------------------------------------+


+-----------------------------------------------------------+
; Port Connectivity Checks: "CPU:CPU|muxGenericoNx1:MUX_PC" ;
+--------------+-------+----------+-------------------------+
; Port         ; Type  ; Severity ; Details                 ;
+--------------+-------+----------+-------------------------+
; entrada3_mux ; Input ; Info     ; Stuck at GND            ;
+--------------+-------+----------+-------------------------+


+--------------------------------------------------------------------+
; Port Connectivity Checks: "CPU:CPU|flipFlopGenerico:REG_FLAG_LESS" ;
+------+-------+----------+------------------------------------------+
; Port ; Type  ; Severity ; Details                                  ;
+------+-------+----------+------------------------------------------+
; rst  ; Input ; Info     ; Stuck at GND                             ;
+------+-------+----------+------------------------------------------+


+--------------------------------------------------------------------+
; Port Connectivity Checks: "CPU:CPU|flipFlopGenerico:REG_FLAG_ZERO" ;
+------+-------+----------+------------------------------------------+
; Port ; Type  ; Severity ; Details                                  ;
+------+-------+----------+------------------------------------------+
; rst  ; Input ; Info     ; Stuck at GND                             ;
+------+-------+----------+------------------------------------------+


+------------------------------------------------------------------------------------------------------------------------+
; Port Connectivity Checks: "CPU:CPU|decoderGeneric:DEC_instrucao"                                                       ;
+--------------+--------+----------+-------------------------------------------------------------------------------------+
; Port         ; Type   ; Severity ; Details                                                                             ;
+--------------+--------+----------+-------------------------------------------------------------------------------------+
; saida[10..7] ; Output ; Info     ; Connected to dangling logic. Logic that only feeds a dangling port will be removed. ;
+--------------+--------+----------+-------------------------------------------------------------------------------------+


+-----------------------------------------------------+
; Post-Synthesis Netlist Statistics for Top Partition ;
+-----------------------+-----------------------------+
; Type                  ; Count                       ;
+-----------------------+-----------------------------+
; arriav_ff             ; 602                         ;
;     CLR               ; 2                           ;
;     ENA               ; 555                         ;
;     ENA SLD           ; 32                          ;
;     plain             ; 13                          ;
; arriav_lcell_comb     ; 511                         ;
;     arith             ; 26                          ;
;         0 data inputs ; 1                           ;
;         1 data inputs ; 9                           ;
;         5 data inputs ; 16                          ;
;     extend            ; 1                           ;
;         7 data inputs ; 1                           ;
;     normal            ; 484                         ;
;         2 data inputs ; 78                          ;
;         3 data inputs ; 19                          ;
;         4 data inputs ; 66                          ;
;         5 data inputs ; 45                          ;
;         6 data inputs ; 276                         ;
; boundary_port         ; 68                          ;
;                       ;                             ;
; Max LUT depth         ; 10.20                       ;
; Average LUT depth     ; 6.41                        ;
+-----------------------+-----------------------------+


+-------------------------------+
; Elapsed Time Per Partition    ;
+----------------+--------------+
; Partition Name ; Elapsed Time ;
+----------------+--------------+
; Top            ; 00:00:01     ;
+----------------+--------------+


+-------------------------------+
; Analysis & Synthesis Messages ;
+-------------------------------+
Info: *******************************************************************
Info: Running Quartus Prime Analysis & Synthesis
    Info: Version 20.1.0 Build 711 06/05/2020 SJ Lite Edition
    Info: Processing started: Thu Oct 20 17:43:18 2022
Info: Command: quartus_map --read_settings_files=on --write_settings_files=off contador_intermediario -c Aula7e8
Info (20030): Parallel compilation is enabled and will use 6 of the 6 processors detected
Info (12021): Found 2 design units, including 1 entities, in source file contador_intermediario.vhd
    Info (12022): Found design unit 1: contador_intermediario-arquitetura File: C:/descomp/contador_intermediario/contador_intermediario.vhd Line: 24
    Info (12023): Found entity 1: contador_intermediario File: C:/descomp/contador_intermediario/contador_intermediario.vhd Line: 4
Info (12021): Found 2 design units, including 1 entities, in source file keydebounce.vhd
    Info (12022): Found design unit 1: keyDebounce-comportamento File: C:/descomp/contador_intermediario/keyDebounce.vhd Line: 14
    Info (12023): Found entity 1: keyDebounce File: C:/descomp/contador_intermediario/keyDebounce.vhd Line: 4
Info (12021): Found 2 design units, including 1 entities, in source file hexcomponent.vhd
    Info (12022): Found design unit 1: hexComponent-arch_name File: C:/descomp/contador_intermediario/hexComponent.vhd Line: 21
    Info (12023): Found entity 1: hexComponent File: C:/descomp/contador_intermediario/hexComponent.vhd Line: 5
Info (12021): Found 2 design units, including 1 entities, in source file conversorhex7seg.vhd
    Info (12022): Found design unit 1: conversorHex7Seg-comportamento File: C:/descomp/contador_intermediario/conversorHex7Seg.vhd Line: 17
    Info (12023): Found entity 1: conversorHex7Seg File: C:/descomp/contador_intermediario/conversorHex7Seg.vhd Line: 4
Info (12021): Found 2 design units, including 1 entities, in source file ulasomasub.vhd
    Info (12022): Found design unit 1: ULASomaSub-comportamento File: C:/descomp/contador_intermediario/ULASomaSub.vhd Line: 16
    Info (12023): Found entity 1: ULASomaSub File: C:/descomp/contador_intermediario/ULASomaSub.vhd Line: 5
Info (12021): Found 2 design units, including 1 entities, in source file flipflopgenerico.vhd
    Info (12022): Found design unit 1: flipFlopGenerico-comportamento File: C:/descomp/contador_intermediario/flipFlopGenerico.vhd Line: 14
    Info (12023): Found entity 1: flipFlopGenerico File: C:/descomp/contador_intermediario/flipFlopGenerico.vhd Line: 4
Info (12021): Found 2 design units, including 1 entities, in source file decodergeneric.vhd
    Info (12022): Found design unit 1: decoderGeneric-comportamento File: C:/descomp/contador_intermediario/decoderGeneric.vhd Line: 13
    Info (12023): Found entity 1: decoderGeneric File: C:/descomp/contador_intermediario/decoderGeneric.vhd Line: 4
Info (12021): Found 2 design units, including 1 entities, in source file muxgenerico2x1.vhd
    Info (12022): Found design unit 1: muxGenerico2x1-comportamento File: C:/descomp/contador_intermediario/muxGenerico2x1.vhd Line: 14
    Info (12023): Found entity 1: muxGenerico2x1 File: C:/descomp/contador_intermediario/muxGenerico2x1.vhd Line: 4
Info (12021): Found 2 design units, including 1 entities, in source file muxgenericonx1.vhd
    Info (12022): Found design unit 1: muxGenericoNx1-comportamento File: C:/descomp/contador_intermediario/muxGenericoNx1.vhd Line: 14
    Info (12023): Found entity 1: muxGenericoNx1 File: C:/descomp/contador_intermediario/muxGenericoNx1.vhd Line: 4
Info (12021): Found 2 design units, including 1 entities, in source file somaconstante.vhd
    Info (12022): Found design unit 1: somaConstante-comportamento File: C:/descomp/contador_intermediario/somaConstante.vhd Line: 18
    Info (12023): Found entity 1: somaConstante File: C:/descomp/contador_intermediario/somaConstante.vhd Line: 5
Info (12021): Found 2 design units, including 1 entities, in source file registradorgenerico.vhd
    Info (12022): Found design unit 1: registradorGenerico-comportamento File: C:/descomp/contador_intermediario/registradorGenerico.vhd Line: 15
    Info (12023): Found entity 1: registradorGenerico File: C:/descomp/contador_intermediario/registradorGenerico.vhd Line: 4
Info (12021): Found 2 design units, including 1 entities, in source file memoriarom.vhd
    Info (12022): Found design unit 1: memoriaROM-assincrona File: C:/descomp/contador_intermediario/memoriaROM.vhd Line: 16
    Info (12023): Found entity 1: memoriaROM File: C:/descomp/contador_intermediario/memoriaROM.vhd Line: 5
Info (12021): Found 2 design units, including 1 entities, in source file memoriaram.vhd
    Info (12022): Found design unit 1: memoriaRAM-rtl File: C:/descomp/contador_intermediario/memoriaRAM.vhd Line: 21
    Info (12023): Found entity 1: memoriaRAM File: C:/descomp/contador_intermediario/memoriaRAM.vhd Line: 5
Info (12021): Found 2 design units, including 1 entities, in source file cpu.vhd
    Info (12022): Found design unit 1: CPU-arquitetura File: C:/descomp/contador_intermediario/CPU.vhd Line: 23
    Info (12023): Found entity 1: CPU File: C:/descomp/contador_intermediario/CPU.vhd Line: 4
Info (12021): Found 2 design units, including 1 entities, in source file decoder3x8.vhd
    Info (12022): Found design unit 1: decoder3x8-comportamento File: C:/descomp/contador_intermediario/decoder3x8.vhd Line: 10
    Info (12023): Found entity 1: decoder3x8 File: C:/descomp/contador_intermediario/decoder3x8.vhd Line: 4
Info (12021): Found 3 design units, including 1 entities, in source file edgedetector.vhd
    Info (12022): Found design unit 1: edgeDetector-bordaSubida File: C:/descomp/contador_intermediario/edgeDetector.vhd Line: 10
    Info (12022): Found design unit 2: edgeDetector-bordaDescida File: C:/descomp/contador_intermediario/edgeDetector.vhd Line: 23
    Info (12023): Found entity 1: edgeDetector File: C:/descomp/contador_intermediario/edgeDetector.vhd Line: 4
Info (12021): Found 2 design units, including 1 entities, in source file ledcomponent.vhd
    Info (12022): Found design unit 1: ledComponent-arch_name File: C:/descomp/contador_intermediario/ledComponent.vhd Line: 21
    Info (12023): Found entity 1: ledComponent File: C:/descomp/contador_intermediario/ledComponent.vhd Line: 5
Info (12021): Found 2 design units, including 1 entities, in source file buffer_3_state_8portas.vhd
    Info (12022): Found design unit 1: buffer_3_state_8portas-comportamento File: C:/descomp/contador_intermediario/buffer_3_state_8portas.vhd Line: 11
    Info (12023): Found entity 1: buffer_3_state_8portas File: C:/descomp/contador_intermediario/buffer_3_state_8portas.vhd Line: 4
Info (12021): Found 2 design units, including 1 entities, in source file buffer_3_state_1portas.vhd
    Info (12022): Found design unit 1: buffer_3_state_1portas-comportamento File: C:/descomp/contador_intermediario/buffer_3_state_1portas.vhd Line: 12
    Info (12023): Found entity 1: buffer_3_state_1portas File: C:/descomp/contador_intermediario/buffer_3_state_1portas.vhd Line: 4
Info (12021): Found 2 design units, including 1 entities, in source file logicakeys.vhd
    Info (12022): Found design unit 1: logicaKeys-comportamento File: C:/descomp/contador_intermediario/logicaKeys.vhd Line: 18
    Info (12023): Found entity 1: logicaKeys File: C:/descomp/contador_intermediario/logicaKeys.vhd Line: 4
Info (12021): Found 2 design units, including 1 entities, in source file bancoregistradoresarqregmem.vhd
    Info (12022): Found design unit 1: bancoRegistradoresArqRegMem-comportamento File: C:/descomp/contador_intermediario/bancoRegistradoresArqRegMem.vhd Line: 23
    Info (12023): Found entity 1: bancoRegistradoresArqRegMem File: C:/descomp/contador_intermediario/bancoRegistradoresArqRegMem.vhd Line: 5
Info (12127): Elaborating entity "contador_intermediario" for the top level hierarchy
Info (12128): Elaborating entity "CPU" for hierarchy "CPU:CPU" File: C:/descomp/contador_intermediario/contador_intermediario.vhd Line: 44
Info (12128): Elaborating entity "muxGenerico2x1" for hierarchy "CPU:CPU|muxGenerico2x1:MUX_EntradaB_ULA" File: C:/descomp/contador_intermediario/CPU.vhd Line: 41
Info (12128): Elaborating entity "decoderGeneric" for hierarchy "CPU:CPU|decoderGeneric:DEC_instrucao" File: C:/descomp/contador_intermediario/CPU.vhd Line: 44
Info (12128): Elaborating entity "flipFlopGenerico" for hierarchy "CPU:CPU|flipFlopGenerico:REG_FLAG_ZERO" File: C:/descomp/contador_intermediario/CPU.vhd Line: 47
Info (12128): Elaborating entity "ULASomaSub" for hierarchy "CPU:CPU|ULASomaSub:ULA1" File: C:/descomp/contador_intermediario/CPU.vhd Line: 53
Info (12128): Elaborating entity "bancoRegistradoresArqRegMem" for hierarchy "CPU:CPU|bancoRegistradoresArqRegMem:BANCO_REG" File: C:/descomp/contador_intermediario/CPU.vhd Line: 56
Info (12128): Elaborating entity "muxGenericoNx1" for hierarchy "CPU:CPU|muxGenericoNx1:MUX_PC" File: C:/descomp/contador_intermediario/CPU.vhd Line: 65
Info (12128): Elaborating entity "registradorGenerico" for hierarchy "CPU:CPU|registradorGenerico:REG_RETORNO" File: C:/descomp/contador_intermediario/CPU.vhd Line: 73
Info (12128): Elaborating entity "somaConstante" for hierarchy "CPU:CPU|somaConstante:incrementaPC" File: C:/descomp/contador_intermediario/CPU.vhd Line: 76
Info (12128): Elaborating entity "memoriaROM" for hierarchy "memoriaROM:ROM" File: C:/descomp/contador_intermediario/contador_intermediario.vhd Line: 58
Info (12128): Elaborating entity "memoriaRAM" for hierarchy "memoriaRAM:RAM" File: C:/descomp/contador_intermediario/contador_intermediario.vhd Line: 61
Info (12128): Elaborating entity "decoder3x8" for hierarchy "decoder3x8:DEC_Blocos" File: C:/descomp/contador_intermediario/contador_intermediario.vhd Line: 72
Info (12128): Elaborating entity "ledComponent" for hierarchy "ledComponent:logica_LED" File: C:/descomp/contador_intermediario/contador_intermediario.vhd Line: 84
Info (12128): Elaborating entity "registradorGenerico" for hierarchy "ledComponent:logica_LED|registradorGenerico:LED0to7" File: C:/descomp/contador_intermediario/ledComponent.vhd Line: 33
Info (12128): Elaborating entity "hexComponent" for hierarchy "hexComponent:comp_HEX0" File: C:/descomp/contador_intermediario/contador_intermediario.vhd Line: 95
Info (12128): Elaborating entity "registradorGenerico" for hierarchy "hexComponent:comp_HEX0|registradorGenerico:REG" File: C:/descomp/contador_intermediario/hexComponent.vhd Line: 26
Info (12128): Elaborating entity "conversorHex7Seg" for hierarchy "hexComponent:comp_HEX0|conversorHex7Seg:converSeg" File: C:/descomp/contador_intermediario/hexComponent.vhd Line: 29
Info (12128): Elaborating entity "buffer_3_state_8portas" for hierarchy "buffer_3_state_8portas:switch8entradas" File: C:/descomp/contador_intermediario/contador_intermediario.vhd Line: 162
Info (12128): Elaborating entity "buffer_3_state_1portas" for hierarchy "buffer_3_state_1portas:switch8" File: C:/descomp/contador_intermediario/contador_intermediario.vhd Line: 169
Info (12128): Elaborating entity "logicaKeys" for hierarchy "logicaKeys:logicaKeys" File: C:/descomp/contador_intermediario/contador_intermediario.vhd Line: 183
Info (12128): Elaborating entity "keyDebounce" for hierarchy "logicaKeys:logicaKeys|keyDebounce:KEY_0" File: C:/descomp/contador_intermediario/logicaKeys.vhd Line: 23
Info (12129): Elaborating entity "edgeDetector" using architecture "A:bordasubida" for hierarchy "logicaKeys:logicaKeys|keyDebounce:KEY_0|edgeDetector:KEY" File: C:/descomp/contador_intermediario/keyDebounce.vhd Line: 20
Info (276014): Found 2 instances of uninferred RAM logic
    Info (276007): RAM logic "memoriaRAM:RAM|ram" is uninferred due to asynchronous read logic File: C:/descomp/contador_intermediario/memoriaRAM.vhd Line: 27
    Info (276004): RAM logic "CPU:CPU|bancoRegistradoresArqRegMem:BANCO_REG|registrador" is uninferred due to inappropriate RAM size File: C:/descomp/contador_intermediario/bancoRegistradoresArqRegMem.vhd Line: 29
Warning (13046): Tri-state node(s) do not directly drive top-level pin(s)
    Warning (13048): Converted tri-state node "Data_IN[7]" into a selector File: C:/descomp/contador_intermediario/muxGenerico2x1.vhd Line: 10
    Warning (13048): Converted tri-state node "Data_IN[6]" into a selector File: C:/descomp/contador_intermediario/muxGenerico2x1.vhd Line: 10
    Warning (13048): Converted tri-state node "Data_IN[5]" into a selector File: C:/descomp/contador_intermediario/muxGenerico2x1.vhd Line: 10
    Warning (13048): Converted tri-state node "Data_IN[4]" into a selector File: C:/descomp/contador_intermediario/muxGenerico2x1.vhd Line: 10
    Warning (13048): Converted tri-state node "Data_IN[3]" into a selector File: C:/descomp/contador_intermediario/muxGenerico2x1.vhd Line: 10
    Warning (13048): Converted tri-state node "Data_IN[2]" into a selector File: C:/descomp/contador_intermediario/muxGenerico2x1.vhd Line: 10
    Warning (13048): Converted tri-state node "Data_IN[1]" into a selector File: C:/descomp/contador_intermediario/muxGenerico2x1.vhd Line: 10
    Warning (13048): Converted tri-state node "Data_IN[0]" into a selector File: C:/descomp/contador_intermediario/muxGenerico2x1.vhd Line: 10
Info (286030): Timing-Driven Synthesis is running
Info (16010): Generating hard_block partition "hard_block:auto_generated_inst"
    Info (16011): Adding 0 node(s), including 0 DDIO, 0 PLL, 0 transceiver and 0 LCELL
Info (21057): Implemented 1168 device resources after synthesis - the final resource count might be different
    Info (21058): Implemented 16 input pins
    Info (21059): Implemented 52 output pins
    Info (21061): Implemented 1100 logic cells
Info: Quartus Prime Analysis & Synthesis was successful. 0 errors, 9 warnings
    Info: Peak virtual memory: 4876 megabytes
    Info: Processing ended: Thu Oct 20 17:43:29 2022
    Info: Elapsed time: 00:00:11
    Info: Total CPU time (on all processors): 00:00:11


